{"C:\\Users\\izalu\\source\\repos\\Pharma-Assist\\app\\Students\\page.js": {"path":"C:\\Users\\izalu\\source\\repos\\Pharma-Assist\\app\\Students\\page.js","all":false,"statementMap":{"0":{"start":{"line":1,"column":0},"end":{"line":1,"column":0}},"1":{"start":{"line":2,"column":0},"end":{"line":2,"column":13}},"2":{"start":{"line":3,"column":0},"end":{"line":3,"column":50}},"3":{"start":{"line":4,"column":0},"end":{"line":4,"column":23}},"4":{"start":{"line":5,"column":0},"end":{"line":5,"column":48}},"5":{"start":{"line":6,"column":0},"end":{"line":6,"column":0}},"6":{"start":{"line":7,"column":0},"end":{"line":7,"column":0}},"7":{"start":{"line":8,"column":0},"end":{"line":8,"column":32}},"8":{"start":{"line":9,"column":0},"end":{"line":9,"column":0}},"9":{"start":{"line":10,"column":0},"end":{"line":10,"column":33}},"10":{"start":{"line":11,"column":0},"end":{"line":11,"column":49}},"11":{"start":{"line":12,"column":0},"end":{"line":12,"column":0}},"12":{"start":{"line":13,"column":0},"end":{"line":13,"column":0}},"13":{"start":{"line":14,"column":0},"end":{"line":14,"column":35}},"14":{"start":{"line":15,"column":0},"end":{"line":15,"column":13}},"15":{"start":{"line":16,"column":0},"end":{"line":16,"column":58}},"16":{"start":{"line":17,"column":0},"end":{"line":17,"column":47}},"17":{"start":{"line":18,"column":0},"end":{"line":18,"column":78}},"18":{"start":{"line":19,"column":0},"end":{"line":19,"column":25}},"19":{"start":{"line":20,"column":0},"end":{"line":20,"column":57}},"20":{"start":{"line":21,"column":0},"end":{"line":21,"column":22}},"21":{"start":{"line":22,"column":0},"end":{"line":22,"column":9}},"22":{"start":{"line":23,"column":0},"end":{"line":23,"column":6}},"23":{"start":{"line":24,"column":0},"end":{"line":24,"column":0}},"24":{"start":{"line":25,"column":0},"end":{"line":25,"column":52}},"25":{"start":{"line":26,"column":0},"end":{"line":26,"column":21}},"26":{"start":{"line":27,"column":0},"end":{"line":27,"column":20}},"27":{"start":{"line":28,"column":0},"end":{"line":28,"column":11}},"28":{"start":{"line":29,"column":0},"end":{"line":29,"column":0}},"29":{"start":{"line":30,"column":0},"end":{"line":30,"column":12}},"30":{"start":{"line":31,"column":0},"end":{"line":31,"column":36}},"31":{"start":{"line":32,"column":0},"end":{"line":32,"column":141}},"32":{"start":{"line":33,"column":0},"end":{"line":33,"column":66}},"33":{"start":{"line":34,"column":0},"end":{"line":34,"column":14}},"34":{"start":{"line":35,"column":0},"end":{"line":35,"column":6}},"35":{"start":{"line":36,"column":0},"end":{"line":36,"column":1}}},"s":{"0":1,"1":1,"2":1,"3":1,"4":1,"5":1,"6":1,"7":1,"8":6,"9":6,"10":6,"11":6,"12":6,"13":6,"14":4,"15":4,"16":3,"17":3,"18":4,"19":1,"20":1,"21":1,"22":4,"23":6,"24":6,"25":6,"26":4,"27":6,"28":6,"29":6,"30":6,"31":6,"32":6,"33":6,"34":6,"35":6},"branchMap":{"0":{"type":"branch","line":8,"loc":{"start":{"line":8,"column":15},"end":{"line":36,"column":1}},"locations":[{"start":{"line":8,"column":15},"end":{"line":36,"column":1}}]},"1":{"type":"branch","line":14,"loc":{"start":{"line":14,"column":22},"end":{"line":23,"column":6}},"locations":[{"start":{"line":14,"column":22},"end":{"line":23,"column":6}}]},"2":{"type":"branch","line":16,"loc":{"start":{"line":16,"column":41},"end":{"line":19,"column":10}},"locations":[{"start":{"line":16,"column":41},"end":{"line":19,"column":10}}]},"3":{"type":"branch","line":19,"loc":{"start":{"line":19,"column":10},"end":{"line":22,"column":9}},"locations":[{"start":{"line":19,"column":10},"end":{"line":22,"column":9}}]},"4":{"type":"branch","line":26,"loc":{"start":{"line":26,"column":14},"end":{"line":28,"column":7}},"locations":[{"start":{"line":26,"column":14},"end":{"line":28,"column":7}}]}},"b":{"0":[6],"1":[4],"2":[3],"3":[1],"4":[4]},"fnMap":{"0":{"name":"Page","decl":{"start":{"line":8,"column":15},"end":{"line":36,"column":1}},"loc":{"start":{"line":8,"column":15},"end":{"line":36,"column":1}},"line":8},"1":{"name":"fetchData","decl":{"start":{"line":14,"column":22},"end":{"line":23,"column":6}},"loc":{"start":{"line":14,"column":22},"end":{"line":23,"column":6}},"line":14}},"f":{"0":6,"1":4}}
,"C:\\Users\\izalu\\source\\repos\\Pharma-Assist\\app\\Students\\[username]\\page.js": {"path":"C:\\Users\\izalu\\source\\repos\\Pharma-Assist\\app\\Students\\[username]\\page.js","all":false,"statementMap":{"0":{"start":{"line":1,"column":0},"end":{"line":1,"column":0}},"1":{"start":{"line":2,"column":0},"end":{"line":2,"column":37}},"2":{"start":{"line":3,"column":0},"end":{"line":3,"column":12}},"3":{"start":{"line":4,"column":0},"end":{"line":4,"column":51}},"4":{"start":{"line":5,"column":0},"end":{"line":5,"column":66}},"5":{"start":{"line":6,"column":0},"end":{"line":6,"column":0}},"6":{"start":{"line":7,"column":0},"end":{"line":7,"column":0}},"7":{"start":{"line":8,"column":0},"end":{"line":8,"column":33}},"8":{"start":{"line":9,"column":0},"end":{"line":9,"column":51}},"9":{"start":{"line":10,"column":0},"end":{"line":10,"column":57}},"10":{"start":{"line":11,"column":0},"end":{"line":11,"column":22}},"11":{"start":{"line":12,"column":0},"end":{"line":12,"column":2}},"12":{"start":{"line":13,"column":0},"end":{"line":13,"column":0}},"13":{"start":{"line":14,"column":0},"end":{"line":14,"column":0}},"14":{"start":{"line":15,"column":0},"end":{"line":15,"column":63}},"15":{"start":{"line":16,"column":0},"end":{"line":16,"column":63}},"16":{"start":{"line":17,"column":0},"end":{"line":17,"column":38}},"17":{"start":{"line":18,"column":0},"end":{"line":18,"column":40}},"18":{"start":{"line":19,"column":0},"end":{"line":19,"column":55}},"19":{"start":{"line":20,"column":0},"end":{"line":20,"column":58}},"20":{"start":{"line":21,"column":0},"end":{"line":21,"column":22}},"21":{"start":{"line":22,"column":0},"end":{"line":22,"column":18}},"22":{"start":{"line":23,"column":0},"end":{"line":23,"column":46}},"23":{"start":{"line":24,"column":0},"end":{"line":24,"column":10}},"24":{"start":{"line":25,"column":0},"end":{"line":25,"column":37}},"25":{"start":{"line":26,"column":0},"end":{"line":26,"column":7}},"26":{"start":{"line":27,"column":0},"end":{"line":27,"column":0}},"27":{"start":{"line":28,"column":0},"end":{"line":28,"column":0}},"28":{"start":{"line":29,"column":0},"end":{"line":29,"column":18}},"29":{"start":{"line":30,"column":0},"end":{"line":30,"column":79}},"30":{"start":{"line":31,"column":0},"end":{"line":31,"column":5}},"31":{"start":{"line":32,"column":0},"end":{"line":32,"column":0}},"32":{"start":{"line":33,"column":0},"end":{"line":33,"column":22}},"33":{"start":{"line":34,"column":0},"end":{"line":34,"column":2}},"34":{"start":{"line":35,"column":0},"end":{"line":35,"column":0}},"35":{"start":{"line":36,"column":0},"end":{"line":36,"column":0}},"36":{"start":{"line":37,"column":0},"end":{"line":37,"column":0}},"37":{"start":{"line":38,"column":0},"end":{"line":38,"column":37}},"38":{"start":{"line":39,"column":0},"end":{"line":39,"column":0}},"39":{"start":{"line":40,"column":0},"end":{"line":40,"column":29}},"40":{"start":{"line":41,"column":0},"end":{"line":41,"column":26}},"41":{"start":{"line":42,"column":0},"end":{"line":42,"column":0}},"42":{"start":{"line":43,"column":0},"end":{"line":43,"column":32}},"43":{"start":{"line":44,"column":0},"end":{"line":44,"column":49}},"44":{"start":{"line":45,"column":0},"end":{"line":45,"column":49}},"45":{"start":{"line":46,"column":0},"end":{"line":46,"column":45}},"46":{"start":{"line":47,"column":0},"end":{"line":47,"column":0}},"47":{"start":{"line":48,"column":0},"end":{"line":48,"column":31}},"48":{"start":{"line":49,"column":0},"end":{"line":49,"column":54}},"49":{"start":{"line":50,"column":0},"end":{"line":50,"column":59}},"50":{"start":{"line":51,"column":0},"end":{"line":51,"column":4}},"51":{"start":{"line":52,"column":0},"end":{"line":52,"column":0}},"52":{"start":{"line":53,"column":0},"end":{"line":53,"column":0}},"53":{"start":{"line":54,"column":0},"end":{"line":54,"column":21}},"54":{"start":{"line":55,"column":0},"end":{"line":55,"column":39}},"55":{"start":{"line":56,"column":0},"end":{"line":56,"column":17}},"56":{"start":{"line":57,"column":0},"end":{"line":57,"column":60}},"57":{"start":{"line":58,"column":0},"end":{"line":58,"column":36}},"58":{"start":{"line":59,"column":0},"end":{"line":59,"column":85}},"59":{"start":{"line":60,"column":0},"end":{"line":60,"column":92}},"60":{"start":{"line":61,"column":0},"end":{"line":61,"column":76}},"61":{"start":{"line":62,"column":0},"end":{"line":62,"column":29}},"62":{"start":{"line":63,"column":0},"end":{"line":63,"column":32}},"63":{"start":{"line":64,"column":0},"end":{"line":64,"column":23}},"64":{"start":{"line":65,"column":0},"end":{"line":65,"column":34}},"65":{"start":{"line":66,"column":0},"end":{"line":66,"column":13}},"66":{"start":{"line":67,"column":0},"end":{"line":67,"column":10}},"67":{"start":{"line":68,"column":0},"end":{"line":68,"column":0}},"68":{"start":{"line":69,"column":0},"end":{"line":69,"column":20}},"69":{"start":{"line":70,"column":0},"end":{"line":70,"column":0}},"70":{"start":{"line":71,"column":0},"end":{"line":71,"column":27}},"71":{"start":{"line":72,"column":0},"end":{"line":72,"column":22}},"72":{"start":{"line":73,"column":0},"end":{"line":73,"column":29}},"73":{"start":{"line":74,"column":0},"end":{"line":74,"column":29}},"74":{"start":{"line":75,"column":0},"end":{"line":75,"column":27}},"75":{"start":{"line":76,"column":0},"end":{"line":76,"column":10}},"76":{"start":{"line":77,"column":0},"end":{"line":77,"column":19}},"77":{"start":{"line":78,"column":0},"end":{"line":78,"column":0}},"78":{"start":{"line":79,"column":0},"end":{"line":79,"column":0}},"79":{"start":{"line":80,"column":0},"end":{"line":80,"column":39}},"80":{"start":{"line":81,"column":0},"end":{"line":81,"column":0}},"81":{"start":{"line":82,"column":0},"end":{"line":82,"column":38}},"82":{"start":{"line":83,"column":0},"end":{"line":83,"column":41}},"83":{"start":{"line":84,"column":0},"end":{"line":84,"column":4}},"84":{"start":{"line":85,"column":0},"end":{"line":85,"column":30}},"85":{"start":{"line":86,"column":0},"end":{"line":86,"column":59}},"86":{"start":{"line":87,"column":0},"end":{"line":87,"column":44}},"87":{"start":{"line":88,"column":0},"end":{"line":88,"column":29}},"88":{"start":{"line":89,"column":0},"end":{"line":89,"column":26}},"89":{"start":{"line":90,"column":0},"end":{"line":90,"column":24}},"90":{"start":{"line":91,"column":0},"end":{"line":91,"column":16}},"91":{"start":{"line":92,"column":0},"end":{"line":92,"column":16}},"92":{"start":{"line":93,"column":0},"end":{"line":93,"column":44}},"93":{"start":{"line":94,"column":0},"end":{"line":94,"column":29}},"94":{"start":{"line":95,"column":0},"end":{"line":95,"column":29}},"95":{"start":{"line":96,"column":0},"end":{"line":96,"column":16}},"96":{"start":{"line":97,"column":0},"end":{"line":97,"column":9}},"97":{"start":{"line":98,"column":0},"end":{"line":98,"column":6}},"98":{"start":{"line":99,"column":0},"end":{"line":99,"column":0}},"99":{"start":{"line":100,"column":0},"end":{"line":100,"column":29}},"100":{"start":{"line":101,"column":0},"end":{"line":101,"column":27}},"101":{"start":{"line":102,"column":0},"end":{"line":102,"column":6}},"102":{"start":{"line":103,"column":0},"end":{"line":103,"column":0}},"103":{"start":{"line":104,"column":0},"end":{"line":104,"column":32}},"104":{"start":{"line":105,"column":0},"end":{"line":105,"column":28}},"105":{"start":{"line":106,"column":0},"end":{"line":106,"column":34}},"106":{"start":{"line":107,"column":0},"end":{"line":107,"column":6}},"107":{"start":{"line":108,"column":0},"end":{"line":108,"column":0}},"108":{"start":{"line":109,"column":0},"end":{"line":109,"column":0}},"109":{"start":{"line":110,"column":0},"end":{"line":110,"column":36}},"110":{"start":{"line":111,"column":0},"end":{"line":111,"column":13}},"111":{"start":{"line":112,"column":0},"end":{"line":112,"column":82}},"112":{"start":{"line":113,"column":0},"end":{"line":113,"column":81}},"113":{"start":{"line":114,"column":0},"end":{"line":114,"column":61}},"114":{"start":{"line":115,"column":0},"end":{"line":115,"column":32}},"115":{"start":{"line":116,"column":0},"end":{"line":116,"column":38}},"116":{"start":{"line":117,"column":0},"end":{"line":117,"column":25}},"117":{"start":{"line":118,"column":0},"end":{"line":118,"column":63}},"118":{"start":{"line":119,"column":0},"end":{"line":119,"column":9}},"119":{"start":{"line":120,"column":0},"end":{"line":120,"column":6}},"120":{"start":{"line":121,"column":0},"end":{"line":121,"column":0}},"121":{"start":{"line":122,"column":0},"end":{"line":122,"column":0}},"122":{"start":{"line":123,"column":0},"end":{"line":123,"column":18}},"123":{"start":{"line":124,"column":0},"end":{"line":124,"column":84}},"124":{"start":{"line":125,"column":0},"end":{"line":125,"column":5}},"125":{"start":{"line":126,"column":0},"end":{"line":126,"column":4}},"126":{"start":{"line":127,"column":0},"end":{"line":127,"column":0}},"127":{"start":{"line":128,"column":0},"end":{"line":128,"column":16}},"128":{"start":{"line":129,"column":0},"end":{"line":129,"column":72}},"129":{"start":{"line":130,"column":0},"end":{"line":130,"column":5}},"130":{"start":{"line":131,"column":0},"end":{"line":131,"column":0}},"131":{"start":{"line":132,"column":0},"end":{"line":132,"column":12}},"132":{"start":{"line":133,"column":0},"end":{"line":133,"column":67}},"133":{"start":{"line":134,"column":0},"end":{"line":134,"column":77}},"134":{"start":{"line":135,"column":0},"end":{"line":135,"column":82}},"135":{"start":{"line":136,"column":0},"end":{"line":136,"column":30}},"136":{"start":{"line":137,"column":0},"end":{"line":137,"column":22}},"137":{"start":{"line":138,"column":0},"end":{"line":138,"column":44}},"138":{"start":{"line":139,"column":0},"end":{"line":139,"column":95}},"139":{"start":{"line":140,"column":0},"end":{"line":140,"column":31}},"140":{"start":{"line":141,"column":0},"end":{"line":141,"column":32}},"141":{"start":{"line":142,"column":0},"end":{"line":142,"column":76}},"142":{"start":{"line":143,"column":0},"end":{"line":143,"column":82}},"143":{"start":{"line":144,"column":0},"end":{"line":144,"column":48}},"144":{"start":{"line":145,"column":0},"end":{"line":145,"column":18}},"145":{"start":{"line":146,"column":0},"end":{"line":146,"column":17}},"146":{"start":{"line":147,"column":0},"end":{"line":147,"column":145}},"147":{"start":{"line":148,"column":0},"end":{"line":148,"column":58}},"148":{"start":{"line":149,"column":0},"end":{"line":149,"column":21}},"149":{"start":{"line":150,"column":0},"end":{"line":150,"column":14}},"150":{"start":{"line":151,"column":0},"end":{"line":151,"column":22}},"151":{"start":{"line":152,"column":0},"end":{"line":152,"column":81}},"152":{"start":{"line":153,"column":0},"end":{"line":153,"column":27}},"153":{"start":{"line":154,"column":0},"end":{"line":154,"column":104}},"154":{"start":{"line":155,"column":0},"end":{"line":155,"column":70}},"155":{"start":{"line":156,"column":0},"end":{"line":156,"column":57}},"156":{"start":{"line":157,"column":0},"end":{"line":157,"column":29}},"157":{"start":{"line":158,"column":0},"end":{"line":158,"column":35}},"158":{"start":{"line":159,"column":0},"end":{"line":159,"column":31}},"159":{"start":{"line":160,"column":0},"end":{"line":160,"column":99}},"160":{"start":{"line":161,"column":0},"end":{"line":161,"column":66}},"161":{"start":{"line":162,"column":0},"end":{"line":162,"column":22}},"162":{"start":{"line":163,"column":0},"end":{"line":163,"column":22}},"163":{"start":{"line":164,"column":0},"end":{"line":164,"column":18}},"164":{"start":{"line":165,"column":0},"end":{"line":165,"column":12}},"165":{"start":{"line":166,"column":0},"end":{"line":166,"column":76}},"166":{"start":{"line":167,"column":0},"end":{"line":167,"column":23}},"167":{"start":{"line":168,"column":0},"end":{"line":168,"column":41}},"168":{"start":{"line":169,"column":0},"end":{"line":169,"column":71}},"169":{"start":{"line":170,"column":0},"end":{"line":170,"column":80}},"170":{"start":{"line":171,"column":0},"end":{"line":171,"column":42}},"171":{"start":{"line":172,"column":0},"end":{"line":172,"column":54}},"172":{"start":{"line":173,"column":0},"end":{"line":173,"column":53}},"173":{"start":{"line":174,"column":0},"end":{"line":174,"column":47}},"174":{"start":{"line":175,"column":0},"end":{"line":175,"column":62}},"175":{"start":{"line":176,"column":0},"end":{"line":176,"column":62}},"176":{"start":{"line":177,"column":0},"end":{"line":177,"column":60}},"177":{"start":{"line":178,"column":0},"end":{"line":178,"column":30}},"178":{"start":{"line":179,"column":0},"end":{"line":179,"column":29}},"179":{"start":{"line":180,"column":0},"end":{"line":180,"column":25}},"180":{"start":{"line":181,"column":0},"end":{"line":181,"column":41}},"181":{"start":{"line":182,"column":0},"end":{"line":182,"column":68}},"182":{"start":{"line":183,"column":0},"end":{"line":183,"column":77}},"183":{"start":{"line":184,"column":0},"end":{"line":184,"column":42}},"184":{"start":{"line":185,"column":0},"end":{"line":185,"column":51}},"185":{"start":{"line":186,"column":0},"end":{"line":186,"column":53}},"186":{"start":{"line":187,"column":0},"end":{"line":187,"column":44}},"187":{"start":{"line":188,"column":0},"end":{"line":188,"column":59}},"188":{"start":{"line":189,"column":0},"end":{"line":189,"column":59}},"189":{"start":{"line":190,"column":0},"end":{"line":190,"column":60}},"190":{"start":{"line":191,"column":0},"end":{"line":191,"column":30}},"191":{"start":{"line":192,"column":0},"end":{"line":192,"column":29}},"192":{"start":{"line":193,"column":0},"end":{"line":193,"column":25}},"193":{"start":{"line":194,"column":0},"end":{"line":194,"column":41}},"194":{"start":{"line":195,"column":0},"end":{"line":195,"column":68}},"195":{"start":{"line":196,"column":0},"end":{"line":196,"column":77}},"196":{"start":{"line":197,"column":0},"end":{"line":197,"column":42}},"197":{"start":{"line":198,"column":0},"end":{"line":198,"column":51}},"198":{"start":{"line":199,"column":0},"end":{"line":199,"column":53}},"199":{"start":{"line":200,"column":0},"end":{"line":200,"column":44}},"200":{"start":{"line":201,"column":0},"end":{"line":201,"column":59}},"201":{"start":{"line":202,"column":0},"end":{"line":202,"column":59}},"202":{"start":{"line":203,"column":0},"end":{"line":203,"column":60}},"203":{"start":{"line":204,"column":0},"end":{"line":204,"column":30}},"204":{"start":{"line":205,"column":0},"end":{"line":205,"column":29}},"205":{"start":{"line":206,"column":0},"end":{"line":206,"column":24}},"206":{"start":{"line":207,"column":0},"end":{"line":207,"column":25}},"207":{"start":{"line":208,"column":0},"end":{"line":208,"column":41}},"208":{"start":{"line":209,"column":0},"end":{"line":209,"column":80}},"209":{"start":{"line":210,"column":0},"end":{"line":210,"column":89}},"210":{"start":{"line":211,"column":0},"end":{"line":211,"column":42}},"211":{"start":{"line":212,"column":0},"end":{"line":212,"column":63}},"212":{"start":{"line":213,"column":0},"end":{"line":213,"column":53}},"213":{"start":{"line":214,"column":0},"end":{"line":214,"column":55}},"214":{"start":{"line":215,"column":0},"end":{"line":215,"column":70}},"215":{"start":{"line":216,"column":0},"end":{"line":216,"column":70}},"216":{"start":{"line":217,"column":0},"end":{"line":217,"column":60}},"217":{"start":{"line":218,"column":0},"end":{"line":218,"column":30}},"218":{"start":{"line":219,"column":0},"end":{"line":219,"column":29}},"219":{"start":{"line":220,"column":0},"end":{"line":220,"column":24}},"220":{"start":{"line":221,"column":0},"end":{"line":221,"column":25}},"221":{"start":{"line":222,"column":0},"end":{"line":222,"column":41}},"222":{"start":{"line":223,"column":0},"end":{"line":223,"column":70}},"223":{"start":{"line":224,"column":0},"end":{"line":224,"column":79}},"224":{"start":{"line":225,"column":0},"end":{"line":225,"column":41}},"225":{"start":{"line":226,"column":0},"end":{"line":226,"column":53}},"226":{"start":{"line":227,"column":0},"end":{"line":227,"column":53}},"227":{"start":{"line":228,"column":0},"end":{"line":228,"column":46}},"228":{"start":{"line":229,"column":0},"end":{"line":229,"column":61}},"229":{"start":{"line":230,"column":0},"end":{"line":230,"column":61}},"230":{"start":{"line":231,"column":0},"end":{"line":231,"column":60}},"231":{"start":{"line":232,"column":0},"end":{"line":232,"column":30}},"232":{"start":{"line":233,"column":0},"end":{"line":233,"column":29}},"233":{"start":{"line":234,"column":0},"end":{"line":234,"column":25}},"234":{"start":{"line":235,"column":0},"end":{"line":235,"column":41}},"235":{"start":{"line":236,"column":0},"end":{"line":236,"column":67}},"236":{"start":{"line":237,"column":0},"end":{"line":237,"column":77}},"237":{"start":{"line":238,"column":0},"end":{"line":238,"column":42}},"238":{"start":{"line":239,"column":0},"end":{"line":239,"column":50}},"239":{"start":{"line":240,"column":0},"end":{"line":240,"column":53}},"240":{"start":{"line":241,"column":0},"end":{"line":241,"column":43}},"241":{"start":{"line":242,"column":0},"end":{"line":242,"column":58}},"242":{"start":{"line":243,"column":0},"end":{"line":243,"column":58}},"243":{"start":{"line":244,"column":0},"end":{"line":244,"column":60}},"244":{"start":{"line":245,"column":0},"end":{"line":245,"column":30}},"245":{"start":{"line":246,"column":0},"end":{"line":246,"column":29}},"246":{"start":{"line":247,"column":0},"end":{"line":247,"column":25}},"247":{"start":{"line":248,"column":0},"end":{"line":248,"column":41}},"248":{"start":{"line":249,"column":0},"end":{"line":249,"column":71}},"249":{"start":{"line":250,"column":0},"end":{"line":250,"column":80}},"250":{"start":{"line":251,"column":0},"end":{"line":251,"column":42}},"251":{"start":{"line":252,"column":0},"end":{"line":252,"column":54}},"252":{"start":{"line":253,"column":0},"end":{"line":253,"column":53}},"253":{"start":{"line":254,"column":0},"end":{"line":254,"column":47}},"254":{"start":{"line":255,"column":0},"end":{"line":255,"column":62}},"255":{"start":{"line":256,"column":0},"end":{"line":256,"column":62}},"256":{"start":{"line":257,"column":0},"end":{"line":257,"column":60}},"257":{"start":{"line":258,"column":0},"end":{"line":258,"column":30}},"258":{"start":{"line":259,"column":0},"end":{"line":259,"column":29}},"259":{"start":{"line":260,"column":0},"end":{"line":260,"column":25}},"260":{"start":{"line":261,"column":0},"end":{"line":261,"column":41}},"261":{"start":{"line":262,"column":0},"end":{"line":262,"column":66}},"262":{"start":{"line":263,"column":0},"end":{"line":263,"column":75}},"263":{"start":{"line":264,"column":0},"end":{"line":264,"column":42}},"264":{"start":{"line":265,"column":0},"end":{"line":265,"column":49}},"265":{"start":{"line":266,"column":0},"end":{"line":266,"column":53}},"266":{"start":{"line":267,"column":0},"end":{"line":267,"column":42}},"267":{"start":{"line":268,"column":0},"end":{"line":268,"column":57}},"268":{"start":{"line":269,"column":0},"end":{"line":269,"column":57}},"269":{"start":{"line":270,"column":0},"end":{"line":270,"column":60}},"270":{"start":{"line":271,"column":0},"end":{"line":271,"column":30}},"271":{"start":{"line":272,"column":0},"end":{"line":272,"column":29}},"272":{"start":{"line":273,"column":0},"end":{"line":273,"column":25}},"273":{"start":{"line":274,"column":0},"end":{"line":274,"column":24}},"274":{"start":{"line":275,"column":0},"end":{"line":275,"column":16}},"275":{"start":{"line":276,"column":0},"end":{"line":276,"column":30}},"276":{"start":{"line":277,"column":0},"end":{"line":277,"column":114}},"277":{"start":{"line":278,"column":0},"end":{"line":278,"column":28}},"278":{"start":{"line":279,"column":0},"end":{"line":279,"column":14}},"279":{"start":{"line":280,"column":0},"end":{"line":280,"column":0}},"280":{"start":{"line":281,"column":0},"end":{"line":281,"column":30}},"281":{"start":{"line":282,"column":0},"end":{"line":282,"column":133}},"282":{"start":{"line":283,"column":0},"end":{"line":283,"column":8}},"283":{"start":{"line":284,"column":0},"end":{"line":284,"column":14}},"284":{"start":{"line":285,"column":0},"end":{"line":285,"column":0}},"285":{"start":{"line":286,"column":0},"end":{"line":286,"column":14}},"286":{"start":{"line":287,"column":0},"end":{"line":287,"column":6}},"287":{"start":{"line":288,"column":0},"end":{"line":288,"column":1}},"288":{"start":{"line":289,"column":0},"end":{"line":289,"column":0}},"289":{"start":{"line":290,"column":0},"end":{"line":290,"column":27}}},"s":{"0":1,"1":1,"2":1,"3":1,"4":1,"5":1,"6":1,"7":1,"8":1,"9":5,"10":4,"11":4,"12":1,"13":1,"14":1,"15":1,"16":2,"17":2,"18":2,"19":2,"20":2,"21":2,"22":2,"23":2,"24":2,"25":2,"26":2,"27":2,"28":2,"29":1,"30":1,"31":1,"32":1,"33":1,"34":1,"35":1,"36":1,"37":1,"38":5,"39":5,"40":5,"41":5,"42":5,"43":5,"44":5,"45":5,"46":5,"47":5,"48":5,"49":5,"50":5,"51":5,"52":5,"53":5,"54":3,"55":3,"56":3,"57":2,"58":2,"59":2,"60":2,"61":3,"62":1,"63":3,"64":3,"65":3,"66":3,"67":3,"68":3,"69":3,"70":3,"71":3,"72":3,"73":3,"74":3,"75":3,"76":5,"77":5,"78":5,"79":5,"80":5,"81":5,"82":0,"83":0,"84":0,"85":0,"86":0,"87":0,"88":0,"89":0,"90":0,"91":0,"92":0,"93":0,"94":0,"95":0,"96":0,"97":0,"98":5,"99":5,"100":0,"101":0,"102":5,"103":5,"104":0,"105":0,"106":0,"107":5,"108":5,"109":5,"110":0,"111":0,"112":0,"113":0,"114":0,"115":0,"116":0,"117":0,"118":0,"119":0,"120":5,"121":5,"122":5,"123":3,"124":3,"125":2,"126":2,"127":5,"128":1,"129":1,"130":1,"131":1,"132":1,"133":1,"134":1,"135":1,"136":0,"137":0,"138":0,"139":0,"140":0,"141":0,"142":0,"143":0,"144":0,"145":0,"146":5,"147":5,"148":5,"149":5,"150":5,"151":5,"152":5,"153":5,"154":5,"155":5,"156":5,"157":5,"158":5,"159":5,"160":5,"161":5,"162":5,"163":5,"164":5,"165":5,"166":5,"167":5,"168":5,"169":5,"170":5,"171":5,"172":5,"173":5,"174":5,"175":5,"176":5,"177":5,"178":5,"179":5,"180":5,"181":5,"182":5,"183":5,"184":5,"185":5,"186":5,"187":5,"188":5,"189":5,"190":5,"191":5,"192":5,"193":5,"194":5,"195":5,"196":5,"197":5,"198":5,"199":5,"200":5,"201":5,"202":5,"203":5,"204":5,"205":5,"206":5,"207":5,"208":5,"209":5,"210":5,"211":5,"212":5,"213":5,"214":5,"215":5,"216":5,"217":5,"218":5,"219":5,"220":5,"221":5,"222":5,"223":5,"224":5,"225":5,"226":5,"227":5,"228":5,"229":5,"230":5,"231":5,"232":5,"233":5,"234":5,"235":5,"236":5,"237":5,"238":5,"239":5,"240":5,"241":5,"242":5,"243":5,"244":5,"245":5,"246":5,"247":5,"248":5,"249":5,"250":5,"251":5,"252":5,"253":5,"254":5,"255":5,"256":5,"257":5,"258":5,"259":5,"260":5,"261":5,"262":5,"263":5,"264":5,"265":5,"266":5,"267":5,"268":5,"269":5,"270":5,"271":5,"272":5,"273":5,"274":5,"275":5,"276":5,"277":5,"278":5,"279":5,"280":5,"281":5,"282":5,"283":5,"284":5,"285":5,"286":5,"287":5,"288":1,"289":1},"branchMap":{"0":{"type":"branch","line":9,"loc":{"start":{"line":9,"column":30},"end":{"line":12,"column":2}},"locations":[{"start":{"line":9,"column":30},"end":{"line":12,"column":2}}]},"1":{"type":"branch","line":10,"loc":{"start":{"line":10,"column":55},"end":{"line":12,"column":2}},"locations":[{"start":{"line":10,"column":55},"end":{"line":12,"column":2}}]},"2":{"type":"branch","line":16,"loc":{"start":{"line":16,"column":33},"end":{"line":34,"column":2}},"locations":[{"start":{"line":16,"column":33},"end":{"line":34,"column":2}}]},"3":{"type":"branch","line":29,"loc":{"start":{"line":29,"column":17},"end":{"line":34,"column":2}},"locations":[{"start":{"line":29,"column":17},"end":{"line":34,"column":2}}]},"4":{"type":"branch","line":38,"loc":{"start":{"line":38,"column":20},"end":{"line":288,"column":1}},"locations":[{"start":{"line":38,"column":20},"end":{"line":288,"column":1}}]},"5":{"type":"branch","line":123,"loc":{"start":{"line":123,"column":17},"end":{"line":125,"column":5}},"locations":[{"start":{"line":123,"column":17},"end":{"line":125,"column":5}}]},"6":{"type":"branch","line":125,"loc":{"start":{"line":125,"column":4},"end":{"line":128,"column":15}},"locations":[{"start":{"line":125,"column":4},"end":{"line":128,"column":15}}]},"7":{"type":"branch","line":128,"loc":{"start":{"line":128,"column":15},"end":{"line":136,"column":30}},"locations":[{"start":{"line":128,"column":15},"end":{"line":136,"column":30}}]},"8":{"type":"branch","line":136,"loc":{"start":{"line":136,"column":17},"end":{"line":147,"column":17}},"locations":[{"start":{"line":136,"column":17},"end":{"line":147,"column":17}}]},"9":{"type":"branch","line":155,"loc":{"start":{"line":155,"column":33},"end":{"line":155,"column":58}},"locations":[{"start":{"line":155,"column":33},"end":{"line":155,"column":58}}]},"10":{"type":"branch","line":155,"loc":{"start":{"line":155,"column":45},"end":{"line":155,"column":70}},"locations":[{"start":{"line":155,"column":45},"end":{"line":155,"column":70}}]},"11":{"type":"branch","line":156,"loc":{"start":{"line":156,"column":29},"end":{"line":156,"column":50}},"locations":[{"start":{"line":156,"column":29},"end":{"line":156,"column":50}}]},"12":{"type":"branch","line":156,"loc":{"start":{"line":156,"column":41},"end":{"line":156,"column":57}},"locations":[{"start":{"line":156,"column":41},"end":{"line":156,"column":57}}]},"13":{"type":"branch","line":54,"loc":{"start":{"line":54,"column":14},"end":{"line":77,"column":7}},"locations":[{"start":{"line":54,"column":14},"end":{"line":77,"column":7}}]},"14":{"type":"branch","line":55,"loc":{"start":{"line":55,"column":26},"end":{"line":67,"column":10}},"locations":[{"start":{"line":55,"column":26},"end":{"line":67,"column":10}}]},"15":{"type":"branch","line":57,"loc":{"start":{"line":57,"column":50},"end":{"line":62,"column":14}},"locations":[{"start":{"line":57,"column":50},"end":{"line":62,"column":14}}]},"16":{"type":"branch","line":62,"loc":{"start":{"line":62,"column":14},"end":{"line":64,"column":22}},"locations":[{"start":{"line":62,"column":14},"end":{"line":64,"column":22}}]},"17":{"type":"branch","line":72,"loc":{"start":{"line":72,"column":15},"end":{"line":76,"column":10}},"locations":[{"start":{"line":72,"column":15},"end":{"line":76,"column":10}}]}},"b":{"0":[5],"1":[4],"2":[2],"3":[1],"4":[5],"5":[3],"6":[2],"7":[1],"8":[0],"9":[0],"10":[1],"11":[0],"12":[1],"13":[3],"14":[3],"15":[2],"16":[1],"17":[3]},"fnMap":{"0":{"name":"getStudentData","decl":{"start":{"line":9,"column":30},"end":{"line":12,"column":2}},"loc":{"start":{"line":9,"column":30},"end":{"line":12,"column":2}},"line":9},"1":{"name":"updateStudentData","decl":{"start":{"line":16,"column":33},"end":{"line":34,"column":2}},"loc":{"start":{"line":16,"column":33},"end":{"line":34,"column":2}},"line":16},"2":{"name":"StudentPage","decl":{"start":{"line":38,"column":20},"end":{"line":288,"column":1}},"loc":{"start":{"line":38,"column":20},"end":{"line":288,"column":1}},"line":38},"3":{"name":"fetchData","decl":{"start":{"line":55,"column":26},"end":{"line":67,"column":10}},"loc":{"start":{"line":55,"column":26},"end":{"line":67,"column":10}},"line":55},"4":{"name":"handleInputChange","decl":{"start":{"line":82,"column":30},"end":{"line":98,"column":6}},"loc":{"start":{"line":82,"column":30},"end":{"line":98,"column":6}},"line":82},"5":{"name":"handleEdit","decl":{"start":{"line":100,"column":22},"end":{"line":102,"column":6}},"loc":{"start":{"line":100,"column":22},"end":{"line":102,"column":6}},"line":100},"6":{"name":"handleCancel","decl":{"start":{"line":104,"column":25},"end":{"line":107,"column":6}},"loc":{"start":{"line":104,"column":25},"end":{"line":107,"column":6}},"line":104},"7":{"name":"handleSave","decl":{"start":{"line":110,"column":23},"end":{"line":120,"column":6}},"loc":{"start":{"line":110,"column":23},"end":{"line":120,"column":6}},"line":110}},"f":{"0":5,"1":2,"2":5,"3":3,"4":0,"5":0,"6":0,"7":0}}
,"C:\\Users\\izalu\\source\\repos\\Pharma-Assist\\app\\Students\\components\\search-bar.js": {"path":"C:\\Users\\izalu\\source\\repos\\Pharma-Assist\\app\\Students\\components\\search-bar.js","all":false,"statementMap":{"0":{"start":{"line":1,"column":0},"end":{"line":1,"column":51}},"1":{"start":{"line":2,"column":0},"end":{"line":2,"column":29}},"2":{"start":{"line":3,"column":0},"end":{"line":3,"column":59}},"3":{"start":{"line":4,"column":0},"end":{"line":4,"column":0}},"4":{"start":{"line":5,"column":0},"end":{"line":5,"column":82}},"5":{"start":{"line":6,"column":0},"end":{"line":6,"column":0}},"6":{"start":{"line":7,"column":0},"end":{"line":7,"column":69}},"7":{"start":{"line":8,"column":0},"end":{"line":8,"column":47}},"8":{"start":{"line":9,"column":0},"end":{"line":9,"column":48}},"9":{"start":{"line":10,"column":0},"end":{"line":10,"column":38}},"10":{"start":{"line":11,"column":0},"end":{"line":11,"column":45}},"11":{"start":{"line":12,"column":0},"end":{"line":12,"column":46}},"12":{"start":{"line":13,"column":0},"end":{"line":13,"column":42}},"13":{"start":{"line":14,"column":0},"end":{"line":14,"column":6}},"14":{"start":{"line":15,"column":0},"end":{"line":15,"column":2}},"15":{"start":{"line":16,"column":0},"end":{"line":16,"column":0}},"16":{"start":{"line":17,"column":0},"end":{"line":17,"column":0}},"17":{"start":{"line":18,"column":0},"end":{"line":18,"column":56}},"18":{"start":{"line":19,"column":0},"end":{"line":19,"column":53}},"19":{"start":{"line":20,"column":0},"end":{"line":20,"column":18}},"20":{"start":{"line":21,"column":0},"end":{"line":21,"column":0}},"21":{"start":{"line":22,"column":0},"end":{"line":22,"column":57}},"22":{"start":{"line":23,"column":0},"end":{"line":23,"column":75}},"23":{"start":{"line":24,"column":0},"end":{"line":24,"column":19}},"24":{"start":{"line":25,"column":0},"end":{"line":25,"column":5}},"25":{"start":{"line":26,"column":0},"end":{"line":26,"column":58}},"26":{"start":{"line":27,"column":0},"end":{"line":27,"column":76}},"27":{"start":{"line":28,"column":0},"end":{"line":28,"column":19}},"28":{"start":{"line":29,"column":0},"end":{"line":29,"column":5}},"29":{"start":{"line":30,"column":0},"end":{"line":30,"column":0}},"30":{"start":{"line":31,"column":0},"end":{"line":31,"column":57}},"31":{"start":{"line":32,"column":0},"end":{"line":32,"column":75}},"32":{"start":{"line":33,"column":0},"end":{"line":33,"column":19}},"33":{"start":{"line":34,"column":0},"end":{"line":34,"column":5}},"34":{"start":{"line":35,"column":0},"end":{"line":35,"column":0}},"35":{"start":{"line":36,"column":0},"end":{"line":36,"column":0}},"36":{"start":{"line":37,"column":0},"end":{"line":37,"column":84}},"37":{"start":{"line":38,"column":0},"end":{"line":38,"column":73}},"38":{"start":{"line":39,"column":0},"end":{"line":39,"column":74}},"39":{"start":{"line":40,"column":0},"end":{"line":40,"column":72}},"40":{"start":{"line":41,"column":0},"end":{"line":41,"column":20}},"41":{"start":{"line":42,"column":0},"end":{"line":42,"column":5}},"42":{"start":{"line":43,"column":0},"end":{"line":43,"column":0}},"43":{"start":{"line":44,"column":0},"end":{"line":44,"column":17}},"44":{"start":{"line":45,"column":0},"end":{"line":45,"column":2}},"45":{"start":{"line":46,"column":0},"end":{"line":46,"column":0}},"46":{"start":{"line":47,"column":0},"end":{"line":47,"column":0}},"47":{"start":{"line":48,"column":0},"end":{"line":48,"column":59}},"48":{"start":{"line":49,"column":0},"end":{"line":49,"column":44}},"49":{"start":{"line":50,"column":0},"end":{"line":50,"column":37}},"50":{"start":{"line":51,"column":0},"end":{"line":51,"column":2}},"51":{"start":{"line":52,"column":0},"end":{"line":52,"column":0}},"52":{"start":{"line":53,"column":0},"end":{"line":53,"column":0}},"53":{"start":{"line":54,"column":0},"end":{"line":54,"column":0}},"54":{"start":{"line":55,"column":0},"end":{"line":55,"column":0}},"55":{"start":{"line":56,"column":0},"end":{"line":56,"column":0}},"56":{"start":{"line":57,"column":0},"end":{"line":57,"column":22}},"57":{"start":{"line":58,"column":0},"end":{"line":58,"column":33}},"58":{"start":{"line":59,"column":0},"end":{"line":59,"column":55}},"59":{"start":{"line":60,"column":0},"end":{"line":60,"column":59}},"60":{"start":{"line":61,"column":0},"end":{"line":61,"column":0}},"61":{"start":{"line":62,"column":0},"end":{"line":62,"column":0}},"62":{"start":{"line":63,"column":0},"end":{"line":63,"column":0}},"63":{"start":{"line":64,"column":0},"end":{"line":64,"column":21}},"64":{"start":{"line":65,"column":0},"end":{"line":65,"column":0}},"65":{"start":{"line":66,"column":0},"end":{"line":66,"column":62}},"66":{"start":{"line":67,"column":0},"end":{"line":67,"column":53}},"67":{"start":{"line":68,"column":0},"end":{"line":68,"column":37}},"68":{"start":{"line":69,"column":0},"end":{"line":69,"column":59}},"69":{"start":{"line":70,"column":0},"end":{"line":70,"column":23}},"70":{"start":{"line":71,"column":0},"end":{"line":71,"column":55}},"71":{"start":{"line":72,"column":0},"end":{"line":72,"column":16}},"72":{"start":{"line":73,"column":0},"end":{"line":73,"column":44}},"73":{"start":{"line":74,"column":0},"end":{"line":74,"column":44}},"74":{"start":{"line":75,"column":0},"end":{"line":75,"column":50}},"75":{"start":{"line":76,"column":0},"end":{"line":76,"column":47}},"76":{"start":{"line":77,"column":0},"end":{"line":77,"column":0}},"77":{"start":{"line":78,"column":0},"end":{"line":78,"column":44}},"78":{"start":{"line":79,"column":0},"end":{"line":79,"column":9}},"79":{"start":{"line":80,"column":0},"end":{"line":80,"column":14}},"80":{"start":{"line":81,"column":0},"end":{"line":81,"column":33}},"81":{"start":{"line":82,"column":0},"end":{"line":82,"column":9}},"82":{"start":{"line":83,"column":0},"end":{"line":83,"column":28}},"83":{"start":{"line":84,"column":0},"end":{"line":84,"column":0}},"84":{"start":{"line":85,"column":0},"end":{"line":85,"column":0}},"85":{"start":{"line":86,"column":0},"end":{"line":86,"column":42}},"86":{"start":{"line":87,"column":0},"end":{"line":87,"column":33}},"87":{"start":{"line":88,"column":0},"end":{"line":88,"column":0}},"88":{"start":{"line":89,"column":0},"end":{"line":89,"column":12}},"89":{"start":{"line":90,"column":0},"end":{"line":90,"column":40}},"90":{"start":{"line":91,"column":0},"end":{"line":91,"column":189}},"91":{"start":{"line":92,"column":0},"end":{"line":92,"column":22}},"92":{"start":{"line":93,"column":0},"end":{"line":93,"column":44}},"93":{"start":{"line":94,"column":0},"end":{"line":94,"column":31}},"94":{"start":{"line":95,"column":0},"end":{"line":95,"column":99}},"95":{"start":{"line":96,"column":0},"end":{"line":96,"column":69}},"96":{"start":{"line":97,"column":0},"end":{"line":97,"column":79}},"97":{"start":{"line":98,"column":0},"end":{"line":98,"column":310}},"98":{"start":{"line":99,"column":0},"end":{"line":99,"column":20}},"99":{"start":{"line":100,"column":0},"end":{"line":100,"column":0}},"100":{"start":{"line":101,"column":0},"end":{"line":101,"column":42}},"101":{"start":{"line":102,"column":0},"end":{"line":102,"column":66}},"102":{"start":{"line":103,"column":0},"end":{"line":103,"column":28}},"103":{"start":{"line":104,"column":0},"end":{"line":104,"column":69}},"104":{"start":{"line":105,"column":0},"end":{"line":105,"column":43}},"105":{"start":{"line":106,"column":0},"end":{"line":106,"column":17}},"106":{"start":{"line":107,"column":0},"end":{"line":107,"column":56}},"107":{"start":{"line":108,"column":0},"end":{"line":108,"column":84}},"108":{"start":{"line":109,"column":0},"end":{"line":109,"column":32}},"109":{"start":{"line":110,"column":0},"end":{"line":110,"column":45}},"110":{"start":{"line":111,"column":0},"end":{"line":111,"column":46}},"111":{"start":{"line":112,"column":0},"end":{"line":112,"column":51}},"112":{"start":{"line":113,"column":0},"end":{"line":113,"column":48}},"113":{"start":{"line":114,"column":0},"end":{"line":114,"column":33}},"114":{"start":{"line":115,"column":0},"end":{"line":115,"column":32}},"115":{"start":{"line":116,"column":0},"end":{"line":116,"column":31}},"116":{"start":{"line":117,"column":0},"end":{"line":117,"column":61}},"117":{"start":{"line":118,"column":0},"end":{"line":118,"column":35}},"118":{"start":{"line":119,"column":0},"end":{"line":119,"column":46}},"119":{"start":{"line":120,"column":0},"end":{"line":120,"column":60}},"120":{"start":{"line":121,"column":0},"end":{"line":121,"column":58}},"121":{"start":{"line":122,"column":0},"end":{"line":122,"column":139}},"122":{"start":{"line":123,"column":0},"end":{"line":123,"column":122}},"123":{"start":{"line":124,"column":0},"end":{"line":124,"column":83}},"124":{"start":{"line":125,"column":0},"end":{"line":125,"column":60}},"125":{"start":{"line":126,"column":0},"end":{"line":126,"column":63}},"126":{"start":{"line":127,"column":0},"end":{"line":127,"column":40}},"127":{"start":{"line":128,"column":0},"end":{"line":128,"column":45}},"128":{"start":{"line":129,"column":0},"end":{"line":129,"column":97}},"129":{"start":{"line":130,"column":0},"end":{"line":130,"column":71}},"130":{"start":{"line":131,"column":0},"end":{"line":131,"column":41}},"131":{"start":{"line":132,"column":0},"end":{"line":132,"column":48}},"132":{"start":{"line":133,"column":0},"end":{"line":133,"column":47}},"133":{"start":{"line":134,"column":0},"end":{"line":134,"column":41}},"134":{"start":{"line":135,"column":0},"end":{"line":135,"column":37}},"135":{"start":{"line":136,"column":0},"end":{"line":136,"column":31}},"136":{"start":{"line":137,"column":0},"end":{"line":137,"column":32}},"137":{"start":{"line":138,"column":0},"end":{"line":138,"column":28}},"138":{"start":{"line":139,"column":0},"end":{"line":139,"column":22}},"139":{"start":{"line":140,"column":0},"end":{"line":140,"column":14}},"140":{"start":{"line":141,"column":0},"end":{"line":141,"column":14}},"141":{"start":{"line":142,"column":0},"end":{"line":142,"column":5}},"142":{"start":{"line":143,"column":0},"end":{"line":143,"column":2}},"143":{"start":{"line":144,"column":0},"end":{"line":144,"column":0}},"144":{"start":{"line":145,"column":0},"end":{"line":145,"column":25}}},"s":{"0":1,"1":1,"2":1,"3":1,"4":1,"5":1,"6":1,"7":1,"8":15,"9":15,"10":21,"11":11,"12":11,"13":15,"14":15,"15":1,"16":1,"17":1,"18":1,"19":9,"20":9,"21":9,"22":9,"23":1,"24":1,"25":9,"26":9,"27":2,"28":2,"29":9,"30":9,"31":9,"32":1,"33":1,"34":9,"35":9,"36":9,"37":9,"38":8,"39":9,"40":4,"41":4,"42":9,"43":9,"44":9,"45":1,"46":1,"47":1,"48":1,"49":30,"50":30,"51":1,"52":1,"53":1,"54":1,"55":1,"56":1,"57":1,"58":26,"59":26,"60":26,"61":26,"62":26,"63":26,"64":13,"65":13,"66":13,"67":13,"68":3,"69":5,"70":5,"71":5,"72":3,"73":3,"74":3,"75":3,"76":3,"77":3,"78":3,"79":10,"80":10,"81":10,"82":26,"83":26,"84":26,"85":26,"86":26,"87":26,"88":26,"89":26,"90":26,"91":26,"92":26,"93":26,"94":26,"95":26,"96":26,"97":26,"98":26,"99":26,"100":26,"101":26,"102":26,"103":26,"104":26,"105":26,"106":26,"107":26,"108":26,"109":26,"110":26,"111":26,"112":26,"113":26,"114":26,"115":26,"116":26,"117":1,"118":1,"119":1,"120":1,"121":26,"122":26,"123":26,"124":26,"125":26,"126":26,"127":26,"128":26,"129":26,"130":26,"131":26,"132":26,"133":26,"134":26,"135":26,"136":26,"137":26,"138":26,"139":26,"140":26,"141":26,"142":26,"143":1,"144":1},"branchMap":{"0":{"type":"branch","line":8,"loc":{"start":{"line":8,"column":33},"end":{"line":15,"column":2}},"locations":[{"start":{"line":8,"column":33},"end":{"line":15,"column":2}}]},"1":{"type":"branch","line":10,"loc":{"start":{"line":10,"column":26},"end":{"line":13,"column":42}},"locations":[{"start":{"line":10,"column":26},"end":{"line":13,"column":42}}]},"2":{"type":"branch","line":11,"loc":{"start":{"line":11,"column":31},"end":{"line":12,"column":46}},"locations":[{"start":{"line":11,"column":31},"end":{"line":12,"column":46}}]},"3":{"type":"branch","line":12,"loc":{"start":{"line":12,"column":31},"end":{"line":13,"column":42}},"locations":[{"start":{"line":12,"column":31},"end":{"line":13,"column":42}}]},"4":{"type":"branch","line":19,"loc":{"start":{"line":19,"column":30},"end":{"line":45,"column":2}},"locations":[{"start":{"line":19,"column":30},"end":{"line":45,"column":2}}]},"5":{"type":"branch","line":23,"loc":{"start":{"line":23,"column":74},"end":{"line":25,"column":5}},"locations":[{"start":{"line":23,"column":74},"end":{"line":25,"column":5}}]},"6":{"type":"branch","line":27,"loc":{"start":{"line":27,"column":75},"end":{"line":29,"column":5}},"locations":[{"start":{"line":27,"column":75},"end":{"line":29,"column":5}}]},"7":{"type":"branch","line":32,"loc":{"start":{"line":32,"column":74},"end":{"line":34,"column":5}},"locations":[{"start":{"line":32,"column":74},"end":{"line":34,"column":5}}]},"8":{"type":"branch","line":38,"loc":{"start":{"line":38,"column":67},"end":{"line":39,"column":74}},"locations":[{"start":{"line":38,"column":67},"end":{"line":39,"column":74}}]},"9":{"type":"branch","line":39,"loc":{"start":{"line":39,"column":68},"end":{"line":40,"column":71}},"locations":[{"start":{"line":39,"column":68},"end":{"line":40,"column":71}}]},"10":{"type":"branch","line":40,"loc":{"start":{"line":40,"column":71},"end":{"line":42,"column":5}},"locations":[{"start":{"line":40,"column":71},"end":{"line":42,"column":5}}]},"11":{"type":"branch","line":49,"loc":{"start":{"line":49,"column":29},"end":{"line":51,"column":2}},"locations":[{"start":{"line":49,"column":29},"end":{"line":51,"column":2}}]},"12":{"type":"branch","line":58,"loc":{"start":{"line":58,"column":18},"end":{"line":143,"column":2}},"locations":[{"start":{"line":58,"column":18},"end":{"line":143,"column":2}}]},"13":{"type":"branch","line":104,"loc":{"start":{"line":104,"column":46},"end":{"line":104,"column":61}},"locations":[{"start":{"line":104,"column":46},"end":{"line":104,"column":61}}]},"14":{"type":"branch","line":64,"loc":{"start":{"line":64,"column":14},"end":{"line":83,"column":7}},"locations":[{"start":{"line":64,"column":14},"end":{"line":83,"column":7}}]},"15":{"type":"branch","line":68,"loc":{"start":{"line":68,"column":36},"end":{"line":79,"column":9}},"locations":[{"start":{"line":68,"column":36},"end":{"line":79,"column":9}}]},"16":{"type":"branch","line":79,"loc":{"start":{"line":79,"column":8},"end":{"line":82,"column":9}},"locations":[{"start":{"line":79,"column":8},"end":{"line":82,"column":9}}]},"17":{"type":"branch","line":69,"loc":{"start":{"line":69,"column":48},"end":{"line":72,"column":16}},"locations":[{"start":{"line":69,"column":48},"end":{"line":72,"column":16}}]},"18":{"type":"branch","line":75,"loc":{"start":{"line":75,"column":22},"end":{"line":75,"column":49}},"locations":[{"start":{"line":75,"column":22},"end":{"line":75,"column":49}}]},"19":{"type":"branch","line":76,"loc":{"start":{"line":76,"column":24},"end":{"line":76,"column":47}},"locations":[{"start":{"line":76,"column":24},"end":{"line":76,"column":47}}]},"20":{"type":"branch","line":97,"loc":{"start":{"line":97,"column":30},"end":{"line":97,"column":79}},"locations":[{"start":{"line":97,"column":30},"end":{"line":97,"column":79}}]},"21":{"type":"branch","line":117,"loc":{"start":{"line":117,"column":47},"end":{"line":121,"column":58}},"locations":[{"start":{"line":117,"column":47},"end":{"line":121,"column":58}}]}},"b":{"0":[15],"1":[21],"2":[11],"3":[11],"4":[9],"5":[1],"6":[2],"7":[1],"8":[8],"9":[6],"10":[4],"11":[30],"12":[26],"13":[0],"14":[13],"15":[3],"16":[10],"17":[5],"18":[4],"19":[5],"20":[4],"21":[1]},"fnMap":{"0":{"name":"filterInitialData","decl":{"start":{"line":8,"column":33},"end":{"line":15,"column":2}},"loc":{"start":{"line":8,"column":33},"end":{"line":15,"column":2}},"line":8},"1":{"name":"calculateScore","decl":{"start":{"line":19,"column":30},"end":{"line":45,"column":2}},"loc":{"start":{"line":19,"column":30},"end":{"line":45,"column":2}},"line":19},"2":{"name":"removeHashtag","decl":{"start":{"line":49,"column":29},"end":{"line":51,"column":2}},"loc":{"start":{"line":49,"column":29},"end":{"line":51,"column":2}},"line":49},"3":{"name":"SearchBar","decl":{"start":{"line":58,"column":18},"end":{"line":143,"column":2}},"loc":{"start":{"line":58,"column":18},"end":{"line":143,"column":2}},"line":58},"4":{"name":"onChange","decl":{"start":{"line":97,"column":30},"end":{"line":97,"column":79}},"loc":{"start":{"line":97,"column":30},"end":{"line":97,"column":79}},"line":97},"5":{"name":"onClick","decl":{"start":{"line":123,"column":45},"end":{"line":123,"column":120}},"loc":{"start":{"line":123,"column":45},"end":{"line":123,"column":120}},"line":123}},"f":{"0":15,"1":9,"2":30,"3":26,"4":4,"5":0}}
,"C:\\Users\\izalu\\source\\repos\\Pharma-Assist\\app\\components\\classList.js": {"path":"C:\\Users\\izalu\\source\\repos\\Pharma-Assist\\app\\components\\classList.js","all":false,"statementMap":{"0":{"start":{"line":1,"column":0},"end":{"line":1,"column":26}},"1":{"start":{"line":2,"column":0},"end":{"line":2,"column":50}},"2":{"start":{"line":3,"column":0},"end":{"line":3,"column":66}},"3":{"start":{"line":4,"column":0},"end":{"line":4,"column":0}},"4":{"start":{"line":5,"column":0},"end":{"line":5,"column":0}},"5":{"start":{"line":6,"column":0},"end":{"line":6,"column":0}},"6":{"start":{"line":7,"column":0},"end":{"line":7,"column":37}},"7":{"start":{"line":8,"column":0},"end":{"line":8,"column":32}},"8":{"start":{"line":9,"column":0},"end":{"line":9,"column":50}},"9":{"start":{"line":10,"column":0},"end":{"line":10,"column":25}},"10":{"start":{"line":11,"column":0},"end":{"line":11,"column":26}},"11":{"start":{"line":12,"column":0},"end":{"line":12,"column":7}},"12":{"start":{"line":13,"column":0},"end":{"line":13,"column":0}},"13":{"start":{"line":14,"column":0},"end":{"line":14,"column":21}},"14":{"start":{"line":15,"column":0},"end":{"line":15,"column":32}},"15":{"start":{"line":16,"column":0},"end":{"line":16,"column":27}},"16":{"start":{"line":17,"column":0},"end":{"line":17,"column":41}},"17":{"start":{"line":18,"column":0},"end":{"line":18,"column":43}},"18":{"start":{"line":19,"column":0},"end":{"line":19,"column":15}},"19":{"start":{"line":20,"column":0},"end":{"line":20,"column":9}},"20":{"start":{"line":21,"column":0},"end":{"line":21,"column":0}},"21":{"start":{"line":22,"column":0},"end":{"line":22,"column":56}},"22":{"start":{"line":23,"column":0},"end":{"line":23,"column":0}},"23":{"start":{"line":24,"column":0},"end":{"line":24,"column":23}},"24":{"start":{"line":25,"column":0},"end":{"line":25,"column":0}},"25":{"start":{"line":26,"column":0},"end":{"line":26,"column":72}},"26":{"start":{"line":27,"column":0},"end":{"line":27,"column":11}},"27":{"start":{"line":28,"column":0},"end":{"line":28,"column":0}},"28":{"start":{"line":29,"column":0},"end":{"line":29,"column":22}},"29":{"start":{"line":30,"column":0},"end":{"line":30,"column":2}},"30":{"start":{"line":31,"column":0},"end":{"line":31,"column":0}},"31":{"start":{"line":32,"column":0},"end":{"line":32,"column":74}},"32":{"start":{"line":33,"column":0},"end":{"line":33,"column":71}},"33":{"start":{"line":34,"column":0},"end":{"line":34,"column":4}},"34":{"start":{"line":35,"column":0},"end":{"line":35,"column":33}},"35":{"start":{"line":36,"column":0},"end":{"line":36,"column":0}},"36":{"start":{"line":37,"column":0},"end":{"line":37,"column":75}},"37":{"start":{"line":38,"column":0},"end":{"line":38,"column":59}},"38":{"start":{"line":39,"column":0},"end":{"line":39,"column":30}},"39":{"start":{"line":40,"column":0},"end":{"line":40,"column":75}},"40":{"start":{"line":41,"column":0},"end":{"line":41,"column":0}},"41":{"start":{"line":42,"column":0},"end":{"line":42,"column":58}},"42":{"start":{"line":43,"column":0},"end":{"line":43,"column":40}},"43":{"start":{"line":44,"column":0},"end":{"line":44,"column":56}},"44":{"start":{"line":45,"column":0},"end":{"line":45,"column":9}},"45":{"start":{"line":46,"column":0},"end":{"line":46,"column":0}},"46":{"start":{"line":47,"column":0},"end":{"line":47,"column":58}},"47":{"start":{"line":48,"column":0},"end":{"line":48,"column":35}},"48":{"start":{"line":49,"column":0},"end":{"line":49,"column":7}},"49":{"start":{"line":50,"column":0},"end":{"line":50,"column":0}},"50":{"start":{"line":51,"column":0},"end":{"line":51,"column":12}},"51":{"start":{"line":52,"column":0},"end":{"line":52,"column":35}},"52":{"start":{"line":53,"column":0},"end":{"line":53,"column":16}},"53":{"start":{"line":54,"column":0},"end":{"line":54,"column":56}},"54":{"start":{"line":55,"column":0},"end":{"line":55,"column":32}},"55":{"start":{"line":56,"column":0},"end":{"line":56,"column":17}},"56":{"start":{"line":57,"column":0},"end":{"line":57,"column":53}},"57":{"start":{"line":58,"column":0},"end":{"line":58,"column":79}},"58":{"start":{"line":59,"column":0},"end":{"line":59,"column":47}},"59":{"start":{"line":60,"column":0},"end":{"line":60,"column":19}},"60":{"start":{"line":61,"column":0},"end":{"line":61,"column":57}},"61":{"start":{"line":62,"column":0},"end":{"line":62,"column":188}},"62":{"start":{"line":63,"column":0},"end":{"line":63,"column":59}},"63":{"start":{"line":64,"column":0},"end":{"line":64,"column":17}},"64":{"start":{"line":65,"column":0},"end":{"line":65,"column":59}},"65":{"start":{"line":66,"column":0},"end":{"line":66,"column":78}},"66":{"start":{"line":67,"column":0},"end":{"line":67,"column":68}},"67":{"start":{"line":68,"column":0},"end":{"line":68,"column":27}},"68":{"start":{"line":69,"column":0},"end":{"line":69,"column":21}},"69":{"start":{"line":70,"column":0},"end":{"line":70,"column":15}},"70":{"start":{"line":71,"column":0},"end":{"line":71,"column":13}},"71":{"start":{"line":72,"column":0},"end":{"line":72,"column":6}},"72":{"start":{"line":73,"column":0},"end":{"line":73,"column":2}},"73":{"start":{"line":74,"column":0},"end":{"line":74,"column":0}},"74":{"start":{"line":75,"column":0},"end":{"line":75,"column":55}},"75":{"start":{"line":76,"column":0},"end":{"line":76,"column":25}}},"s":{"0":1,"1":1,"2":1,"3":1,"4":1,"5":1,"6":1,"7":1,"8":32,"9":32,"10":32,"11":32,"12":32,"13":32,"14":10,"15":10,"16":10,"17":10,"18":10,"19":10,"20":10,"21":10,"22":10,"23":10,"24":10,"25":10,"26":32,"27":32,"28":32,"29":32,"30":1,"31":1,"32":1,"33":6,"34":6,"35":6,"36":6,"37":6,"38":12,"39":12,"40":12,"41":12,"42":12,"43":0,"44":0,"45":12,"46":12,"47":12,"48":12,"49":6,"50":6,"51":6,"52":6,"53":6,"54":6,"55":6,"56":6,"57":6,"58":6,"59":18,"60":18,"61":6,"62":6,"63":6,"64":6,"65":6,"66":6,"67":6,"68":6,"69":6,"70":6,"71":6,"72":6,"73":1,"74":1,"75":1},"branchMap":{"0":{"type":"branch","line":8,"loc":{"start":{"line":8,"column":7},"end":{"line":30,"column":2}},"locations":[{"start":{"line":8,"column":7},"end":{"line":30,"column":2}}]},"1":{"type":"branch","line":14,"loc":{"start":{"line":14,"column":14},"end":{"line":27,"column":7}},"locations":[{"start":{"line":14,"column":14},"end":{"line":27,"column":7}}]},"2":{"type":"branch","line":15,"loc":{"start":{"line":15,"column":8},"end":{"line":20,"column":9}},"locations":[{"start":{"line":15,"column":8},"end":{"line":20,"column":9}}]},"3":{"type":"branch","line":26,"loc":{"start":{"line":26,"column":15},"end":{"line":26,"column":72}},"locations":[{"start":{"line":26,"column":15},"end":{"line":26,"column":72}}]},"4":{"type":"branch","line":33,"loc":{"start":{"line":33,"column":18},"end":{"line":73,"column":2}},"locations":[{"start":{"line":33,"column":18},"end":{"line":73,"column":2}}]},"5":{"type":"branch","line":54,"loc":{"start":{"line":54,"column":34},"end":{"line":54,"column":48}},"locations":[{"start":{"line":54,"column":34},"end":{"line":54,"column":48}}]},"6":{"type":"branch","line":38,"loc":{"start":{"line":38,"column":48},"end":{"line":49,"column":7}},"locations":[{"start":{"line":38,"column":48},"end":{"line":49,"column":7}}]},"7":{"type":"branch","line":43,"loc":{"start":{"line":43,"column":39},"end":{"line":45,"column":9}},"locations":[{"start":{"line":43,"column":39},"end":{"line":45,"column":9}}]},"8":{"type":"branch","line":59,"loc":{"start":{"line":59,"column":33},"end":{"line":61,"column":57}},"locations":[{"start":{"line":59,"column":33},"end":{"line":61,"column":57}}]},"9":{"type":"branch","line":62,"loc":{"start":{"line":62,"column":159},"end":{"line":62,"column":183}},"locations":[{"start":{"line":62,"column":159},"end":{"line":62,"column":183}}]},"10":{"type":"branch","line":63,"loc":{"start":{"line":63,"column":29},"end":{"line":63,"column":59}},"locations":[{"start":{"line":63,"column":29},"end":{"line":63,"column":59}}]}},"b":{"0":[32],"1":[10],"2":[10],"3":[10],"4":[6],"5":[0],"6":[12],"7":[0],"8":[18],"9":[0],"10":[1]},"fnMap":{"0":{"name":"useWindowSize","decl":{"start":{"line":8,"column":7},"end":{"line":30,"column":2}},"loc":{"start":{"line":8,"column":7},"end":{"line":30,"column":2}},"line":8},"1":{"name":"handleResize","decl":{"start":{"line":15,"column":8},"end":{"line":20,"column":9}},"loc":{"start":{"line":15,"column":8},"end":{"line":20,"column":9}},"line":15},"2":{"name":"ClassList","decl":{"start":{"line":33,"column":18},"end":{"line":73,"column":2}},"loc":{"start":{"line":33,"column":18},"end":{"line":73,"column":2}},"line":33},"3":{"name":"onClick","decl":{"start":{"line":63,"column":29},"end":{"line":63,"column":59}},"loc":{"start":{"line":63,"column":29},"end":{"line":63,"column":59}},"line":63}},"f":{"0":32,"1":10,"2":6,"3":1}}
,"C:\\Users\\izalu\\source\\repos\\Pharma-Assist\\app\\components\\gradingForm4.js": {"path":"C:\\Users\\izalu\\source\\repos\\Pharma-Assist\\app\\components\\gradingForm4.js","all":false,"statementMap":{"0":{"start":{"line":1,"column":0},"end":{"line":1,"column":13}},"1":{"start":{"line":2,"column":0},"end":{"line":2,"column":0}},"2":{"start":{"line":3,"column":0},"end":{"line":3,"column":0}},"3":{"start":{"line":4,"column":0},"end":{"line":4,"column":51}},"4":{"start":{"line":5,"column":0},"end":{"line":5,"column":66}},"5":{"start":{"line":6,"column":0},"end":{"line":6,"column":69}},"6":{"start":{"line":7,"column":0},"end":{"line":7,"column":0}},"7":{"start":{"line":8,"column":0},"end":{"line":8,"column":0}},"8":{"start":{"line":9,"column":0},"end":{"line":9,"column":49}},"9":{"start":{"line":10,"column":0},"end":{"line":10,"column":142}},"10":{"start":{"line":11,"column":0},"end":{"line":11,"column":0}},"11":{"start":{"line":12,"column":0},"end":{"line":12,"column":0}},"12":{"start":{"line":13,"column":0},"end":{"line":13,"column":40}},"13":{"start":{"line":14,"column":0},"end":{"line":14,"column":37}},"14":{"start":{"line":15,"column":0},"end":{"line":15,"column":28}},"15":{"start":{"line":16,"column":0},"end":{"line":16,"column":84}},"16":{"start":{"line":17,"column":0},"end":{"line":17,"column":48}},"17":{"start":{"line":18,"column":0},"end":{"line":18,"column":1}},"18":{"start":{"line":19,"column":0},"end":{"line":19,"column":0}},"19":{"start":{"line":20,"column":0},"end":{"line":20,"column":0}},"20":{"start":{"line":21,"column":0},"end":{"line":21,"column":95}},"21":{"start":{"line":22,"column":0},"end":{"line":22,"column":60}},"22":{"start":{"line":23,"column":0},"end":{"line":23,"column":57}},"23":{"start":{"line":24,"column":0},"end":{"line":24,"column":0}},"24":{"start":{"line":25,"column":0},"end":{"line":25,"column":0}},"25":{"start":{"line":26,"column":0},"end":{"line":26,"column":96}},"26":{"start":{"line":27,"column":0},"end":{"line":27,"column":80}},"27":{"start":{"line":28,"column":0},"end":{"line":28,"column":72}},"28":{"start":{"line":29,"column":0},"end":{"line":29,"column":63}},"29":{"start":{"line":30,"column":0},"end":{"line":30,"column":55}},"30":{"start":{"line":31,"column":0},"end":{"line":31,"column":77}},"31":{"start":{"line":32,"column":0},"end":{"line":32,"column":55}},"32":{"start":{"line":33,"column":0},"end":{"line":33,"column":41}},"33":{"start":{"line":34,"column":0},"end":{"line":34,"column":49}},"34":{"start":{"line":35,"column":0},"end":{"line":35,"column":1}},"35":{"start":{"line":36,"column":0},"end":{"line":36,"column":0}},"36":{"start":{"line":37,"column":0},"end":{"line":37,"column":0}},"37":{"start":{"line":38,"column":0},"end":{"line":38,"column":0}},"38":{"start":{"line":39,"column":0},"end":{"line":39,"column":0}},"39":{"start":{"line":40,"column":0},"end":{"line":40,"column":31}},"40":{"start":{"line":41,"column":0},"end":{"line":41,"column":0}},"41":{"start":{"line":42,"column":0},"end":{"line":42,"column":53}},"42":{"start":{"line":43,"column":0},"end":{"line":43,"column":55}},"43":{"start":{"line":44,"column":0},"end":{"line":44,"column":88}},"44":{"start":{"line":45,"column":0},"end":{"line":45,"column":69}},"45":{"start":{"line":46,"column":0},"end":{"line":46,"column":34}},"46":{"start":{"line":47,"column":0},"end":{"line":47,"column":0}},"47":{"start":{"line":48,"column":0},"end":{"line":48,"column":40}},"48":{"start":{"line":49,"column":0},"end":{"line":49,"column":41}},"49":{"start":{"line":50,"column":0},"end":{"line":50,"column":13}},"50":{"start":{"line":51,"column":0},"end":{"line":51,"column":57}},"51":{"start":{"line":52,"column":0},"end":{"line":52,"column":47}},"52":{"start":{"line":53,"column":0},"end":{"line":53,"column":47}},"53":{"start":{"line":54,"column":0},"end":{"line":54,"column":0}},"54":{"start":{"line":55,"column":0},"end":{"line":55,"column":55}},"55":{"start":{"line":56,"column":0},"end":{"line":56,"column":80}},"56":{"start":{"line":57,"column":0},"end":{"line":57,"column":50}},"57":{"start":{"line":58,"column":0},"end":{"line":58,"column":44}},"58":{"start":{"line":59,"column":0},"end":{"line":59,"column":25}},"59":{"start":{"line":60,"column":0},"end":{"line":60,"column":57}},"60":{"start":{"line":61,"column":0},"end":{"line":61,"column":22}},"61":{"start":{"line":62,"column":0},"end":{"line":62,"column":9}},"62":{"start":{"line":63,"column":0},"end":{"line":63,"column":6}},"63":{"start":{"line":64,"column":0},"end":{"line":64,"column":0}},"64":{"start":{"line":65,"column":0},"end":{"line":65,"column":0}},"65":{"start":{"line":66,"column":0},"end":{"line":66,"column":21}},"66":{"start":{"line":67,"column":0},"end":{"line":67,"column":45}},"67":{"start":{"line":68,"column":0},"end":{"line":68,"column":17}},"68":{"start":{"line":69,"column":0},"end":{"line":69,"column":61}},"69":{"start":{"line":70,"column":0},"end":{"line":70,"column":51}},"70":{"start":{"line":71,"column":0},"end":{"line":71,"column":0}},"71":{"start":{"line":72,"column":0},"end":{"line":72,"column":38}},"72":{"start":{"line":73,"column":0},"end":{"line":73,"column":50}},"73":{"start":{"line":74,"column":0},"end":{"line":74,"column":40}},"74":{"start":{"line":75,"column":0},"end":{"line":75,"column":0}},"75":{"start":{"line":76,"column":0},"end":{"line":76,"column":40}},"76":{"start":{"line":77,"column":0},"end":{"line":77,"column":74}},"77":{"start":{"line":78,"column":0},"end":{"line":78,"column":127}},"78":{"start":{"line":79,"column":0},"end":{"line":79,"column":31}},"79":{"start":{"line":80,"column":0},"end":{"line":80,"column":23}},"80":{"start":{"line":81,"column":0},"end":{"line":81,"column":49}},"81":{"start":{"line":82,"column":0},"end":{"line":82,"column":29}},"82":{"start":{"line":83,"column":0},"end":{"line":83,"column":61}},"83":{"start":{"line":84,"column":0},"end":{"line":84,"column":26}},"84":{"start":{"line":85,"column":0},"end":{"line":85,"column":13}},"85":{"start":{"line":86,"column":0},"end":{"line":86,"column":10}},"86":{"start":{"line":87,"column":0},"end":{"line":87,"column":0}},"87":{"start":{"line":88,"column":0},"end":{"line":88,"column":26}},"88":{"start":{"line":89,"column":0},"end":{"line":89,"column":11}},"89":{"start":{"line":90,"column":0},"end":{"line":90,"column":78}},"90":{"start":{"line":91,"column":0},"end":{"line":91,"column":0}},"91":{"start":{"line":92,"column":0},"end":{"line":92,"column":0}},"92":{"start":{"line":93,"column":0},"end":{"line":93,"column":0}},"93":{"start":{"line":94,"column":0},"end":{"line":94,"column":21}},"94":{"start":{"line":95,"column":0},"end":{"line":95,"column":44}},"95":{"start":{"line":96,"column":0},"end":{"line":96,"column":51}},"96":{"start":{"line":97,"column":0},"end":{"line":97,"column":72}},"97":{"start":{"line":98,"column":0},"end":{"line":98,"column":44}},"98":{"start":{"line":99,"column":0},"end":{"line":99,"column":79}},"99":{"start":{"line":100,"column":0},"end":{"line":100,"column":24}},"100":{"start":{"line":101,"column":0},"end":{"line":101,"column":132}},"101":{"start":{"line":102,"column":0},"end":{"line":102,"column":17}},"102":{"start":{"line":103,"column":0},"end":{"line":103,"column":27}},"103":{"start":{"line":104,"column":0},"end":{"line":104,"column":19}},"104":{"start":{"line":105,"column":0},"end":{"line":105,"column":0}},"105":{"start":{"line":106,"column":0},"end":{"line":106,"column":45}},"106":{"start":{"line":107,"column":0},"end":{"line":107,"column":10}},"107":{"start":{"line":108,"column":0},"end":{"line":108,"column":0}},"108":{"start":{"line":109,"column":0},"end":{"line":109,"column":31}},"109":{"start":{"line":110,"column":0},"end":{"line":110,"column":21}},"110":{"start":{"line":111,"column":0},"end":{"line":111,"column":0}},"111":{"start":{"line":112,"column":0},"end":{"line":112,"column":37}},"112":{"start":{"line":113,"column":0},"end":{"line":113,"column":60}},"113":{"start":{"line":114,"column":0},"end":{"line":114,"column":93}},"114":{"start":{"line":115,"column":0},"end":{"line":115,"column":0}},"115":{"start":{"line":116,"column":0},"end":{"line":116,"column":119}},"116":{"start":{"line":117,"column":0},"end":{"line":117,"column":34}},"117":{"start":{"line":118,"column":0},"end":{"line":118,"column":90}},"118":{"start":{"line":119,"column":0},"end":{"line":119,"column":46}},"119":{"start":{"line":120,"column":0},"end":{"line":120,"column":41}},"120":{"start":{"line":121,"column":0},"end":{"line":121,"column":13}},"121":{"start":{"line":122,"column":0},"end":{"line":122,"column":119}},"122":{"start":{"line":123,"column":0},"end":{"line":123,"column":0}},"123":{"start":{"line":124,"column":0},"end":{"line":124,"column":50}},"124":{"start":{"line":125,"column":0},"end":{"line":125,"column":78}},"125":{"start":{"line":126,"column":0},"end":{"line":126,"column":9}},"126":{"start":{"line":127,"column":0},"end":{"line":127,"column":0}},"127":{"start":{"line":128,"column":0},"end":{"line":128,"column":37}},"128":{"start":{"line":129,"column":0},"end":{"line":129,"column":6}},"129":{"start":{"line":130,"column":0},"end":{"line":130,"column":0}},"130":{"start":{"line":131,"column":0},"end":{"line":131,"column":0}},"131":{"start":{"line":132,"column":0},"end":{"line":132,"column":0}},"132":{"start":{"line":133,"column":0},"end":{"line":133,"column":0}},"133":{"start":{"line":134,"column":0},"end":{"line":134,"column":12}},"134":{"start":{"line":135,"column":0},"end":{"line":135,"column":119}},"135":{"start":{"line":136,"column":0},"end":{"line":136,"column":13}},"136":{"start":{"line":137,"column":0},"end":{"line":137,"column":66}},"137":{"start":{"line":138,"column":0},"end":{"line":138,"column":74}},"138":{"start":{"line":139,"column":0},"end":{"line":139,"column":97}},"139":{"start":{"line":140,"column":0},"end":{"line":140,"column":39}},"140":{"start":{"line":141,"column":0},"end":{"line":141,"column":69}},"141":{"start":{"line":142,"column":0},"end":{"line":142,"column":101}},"142":{"start":{"line":143,"column":0},"end":{"line":143,"column":22}},"143":{"start":{"line":144,"column":0},"end":{"line":144,"column":54}},"144":{"start":{"line":145,"column":0},"end":{"line":145,"column":31}},"145":{"start":{"line":146,"column":0},"end":{"line":146,"column":51}},"146":{"start":{"line":147,"column":0},"end":{"line":147,"column":90}},"147":{"start":{"line":148,"column":0},"end":{"line":148,"column":53}},"148":{"start":{"line":149,"column":0},"end":{"line":149,"column":32}},"149":{"start":{"line":150,"column":0},"end":{"line":150,"column":74}},"150":{"start":{"line":151,"column":0},"end":{"line":151,"column":135}},"151":{"start":{"line":152,"column":0},"end":{"line":152,"column":28}},"152":{"start":{"line":153,"column":0},"end":{"line":153,"column":26}},"153":{"start":{"line":154,"column":0},"end":{"line":154,"column":22}},"154":{"start":{"line":155,"column":0},"end":{"line":155,"column":60}},"155":{"start":{"line":156,"column":0},"end":{"line":156,"column":90}},"156":{"start":{"line":157,"column":0},"end":{"line":157,"column":35}},"157":{"start":{"line":158,"column":0},"end":{"line":158,"column":123}},"158":{"start":{"line":159,"column":0},"end":{"line":159,"column":52}},"159":{"start":{"line":160,"column":0},"end":{"line":160,"column":120}},"160":{"start":{"line":161,"column":0},"end":{"line":161,"column":49}},"161":{"start":{"line":162,"column":0},"end":{"line":162,"column":40}},"162":{"start":{"line":163,"column":0},"end":{"line":163,"column":31}},"163":{"start":{"line":164,"column":0},"end":{"line":164,"column":26}},"164":{"start":{"line":165,"column":0},"end":{"line":165,"column":0}},"165":{"start":{"line":166,"column":0},"end":{"line":166,"column":111}},"166":{"start":{"line":167,"column":0},"end":{"line":167,"column":35}},"167":{"start":{"line":168,"column":0},"end":{"line":168,"column":124}},"168":{"start":{"line":169,"column":0},"end":{"line":169,"column":52}},"169":{"start":{"line":170,"column":0},"end":{"line":170,"column":38}},"170":{"start":{"line":171,"column":0},"end":{"line":171,"column":53}},"171":{"start":{"line":172,"column":0},"end":{"line":172,"column":54}},"172":{"start":{"line":173,"column":0},"end":{"line":173,"column":113}},"173":{"start":{"line":174,"column":0},"end":{"line":174,"column":122}},"174":{"start":{"line":175,"column":0},"end":{"line":175,"column":59}},"175":{"start":{"line":176,"column":0},"end":{"line":176,"column":47}},"176":{"start":{"line":177,"column":0},"end":{"line":177,"column":179}},"177":{"start":{"line":178,"column":0},"end":{"line":178,"column":34}},"178":{"start":{"line":179,"column":0},"end":{"line":179,"column":31}},"179":{"start":{"line":180,"column":0},"end":{"line":180,"column":26}},"180":{"start":{"line":181,"column":0},"end":{"line":181,"column":22}},"181":{"start":{"line":182,"column":0},"end":{"line":182,"column":0}},"182":{"start":{"line":183,"column":0},"end":{"line":183,"column":38}},"183":{"start":{"line":184,"column":0},"end":{"line":184,"column":91}},"184":{"start":{"line":185,"column":0},"end":{"line":185,"column":35}},"185":{"start":{"line":186,"column":0},"end":{"line":186,"column":71}},"186":{"start":{"line":187,"column":0},"end":{"line":187,"column":52}},"187":{"start":{"line":188,"column":0},"end":{"line":188,"column":73}},"188":{"start":{"line":189,"column":0},"end":{"line":189,"column":72}},"189":{"start":{"line":190,"column":0},"end":{"line":190,"column":45}},"190":{"start":{"line":191,"column":0},"end":{"line":191,"column":50}},"191":{"start":{"line":192,"column":0},"end":{"line":192,"column":63}},"192":{"start":{"line":193,"column":0},"end":{"line":193,"column":66}},"193":{"start":{"line":194,"column":0},"end":{"line":194,"column":67}},"194":{"start":{"line":195,"column":0},"end":{"line":195,"column":81}},"195":{"start":{"line":196,"column":0},"end":{"line":196,"column":71}},"196":{"start":{"line":197,"column":0},"end":{"line":197,"column":98}},"197":{"start":{"line":198,"column":0},"end":{"line":198,"column":46}},"198":{"start":{"line":199,"column":0},"end":{"line":199,"column":89}},"199":{"start":{"line":200,"column":0},"end":{"line":200,"column":46}},"200":{"start":{"line":201,"column":0},"end":{"line":201,"column":67}},"201":{"start":{"line":202,"column":0},"end":{"line":202,"column":53}},"202":{"start":{"line":203,"column":0},"end":{"line":203,"column":77}},"203":{"start":{"line":204,"column":0},"end":{"line":204,"column":96}},"204":{"start":{"line":205,"column":0},"end":{"line":205,"column":71}},"205":{"start":{"line":206,"column":0},"end":{"line":206,"column":76}},"206":{"start":{"line":207,"column":0},"end":{"line":207,"column":242}},"207":{"start":{"line":208,"column":0},"end":{"line":208,"column":46}},"208":{"start":{"line":209,"column":0},"end":{"line":209,"column":41}},"209":{"start":{"line":210,"column":0},"end":{"line":210,"column":42}},"210":{"start":{"line":211,"column":0},"end":{"line":211,"column":38}},"211":{"start":{"line":212,"column":0},"end":{"line":212,"column":31}},"212":{"start":{"line":213,"column":0},"end":{"line":213,"column":26}},"213":{"start":{"line":214,"column":0},"end":{"line":214,"column":22}},"214":{"start":{"line":215,"column":0},"end":{"line":215,"column":18}},"215":{"start":{"line":216,"column":0},"end":{"line":216,"column":15}},"216":{"start":{"line":217,"column":0},"end":{"line":217,"column":6}},"217":{"start":{"line":218,"column":0},"end":{"line":218,"column":1}},"218":{"start":{"line":219,"column":0},"end":{"line":219,"column":0}},"219":{"start":{"line":220,"column":0},"end":{"line":220,"column":20}}},"s":{"0":1,"1":1,"2":1,"3":1,"4":1,"5":1,"6":1,"7":1,"8":1,"9":1,"10":1,"11":1,"12":1,"13":1,"14":11,"15":11,"16":11,"17":11,"18":1,"19":1,"20":1,"21":1,"22":1,"23":1,"24":1,"25":1,"26":1,"27":1,"28":1,"29":1,"30":1,"31":1,"32":7,"33":7,"34":7,"35":1,"36":1,"37":1,"38":1,"39":1,"40":3,"41":3,"42":3,"43":3,"44":3,"45":3,"46":3,"47":3,"48":3,"49":0,"50":0,"51":0,"52":0,"53":0,"54":0,"55":0,"56":0,"57":0,"58":0,"59":0,"60":0,"61":0,"62":0,"63":3,"64":3,"65":3,"66":1,"67":1,"68":1,"69":1,"70":1,"71":1,"72":1,"73":1,"74":1,"75":1,"76":1,"77":1,"78":1,"79":1,"80":1,"81":1,"82":0,"83":0,"84":0,"85":1,"86":1,"87":1,"88":3,"89":3,"90":3,"91":3,"92":3,"93":3,"94":2,"95":2,"96":2,"97":1,"98":0,"99":1,"100":1,"101":1,"102":1,"103":2,"104":2,"105":2,"106":2,"107":2,"108":2,"109":3,"110":3,"111":3,"112":0,"113":0,"114":0,"115":0,"116":0,"117":0,"118":0,"119":0,"120":0,"121":0,"122":0,"123":0,"124":0,"125":0,"126":0,"127":0,"128":0,"129":3,"130":3,"131":3,"132":3,"133":3,"134":3,"135":3,"136":3,"137":3,"138":3,"139":3,"140":3,"141":3,"142":3,"143":3,"144":3,"145":3,"146":3,"147":3,"148":3,"149":3,"150":3,"151":3,"152":3,"153":3,"154":3,"155":3,"156":3,"157":3,"158":3,"159":3,"160":3,"161":3,"162":3,"163":3,"164":3,"165":3,"166":3,"167":3,"168":3,"169":1,"170":1,"171":1,"172":1,"173":1,"174":1,"175":1,"176":3,"177":3,"178":3,"179":3,"180":3,"181":3,"182":3,"183":3,"184":3,"185":3,"186":3,"187":3,"188":3,"189":3,"190":3,"191":3,"192":3,"193":3,"194":3,"195":3,"196":3,"197":3,"198":3,"199":3,"200":3,"201":3,"202":3,"203":3,"204":3,"205":3,"206":3,"207":3,"208":3,"209":3,"210":3,"211":3,"212":3,"213":3,"214":3,"215":3,"216":3,"217":3,"218":1,"219":1},"branchMap":{"0":{"type":"branch","line":14,"loc":{"start":{"line":14,"column":30},"end":{"line":18,"column":1}},"locations":[{"start":{"line":14,"column":30},"end":{"line":18,"column":1}}]},"1":{"type":"branch","line":32,"loc":{"start":{"line":32,"column":31},"end":{"line":35,"column":1}},"locations":[{"start":{"line":32,"column":31},"end":{"line":35,"column":1}}]},"2":{"type":"branch","line":40,"loc":{"start":{"line":40,"column":13},"end":{"line":218,"column":1}},"locations":[{"start":{"line":40,"column":13},"end":{"line":218,"column":1}}]},"3":{"type":"branch","line":151,"loc":{"start":{"line":151,"column":78},"end":{"line":151,"column":135}},"locations":[{"start":{"line":151,"column":78},"end":{"line":151,"column":135}}]},"4":{"type":"branch","line":66,"loc":{"start":{"line":66,"column":14},"end":{"line":89,"column":7}},"locations":[{"start":{"line":66,"column":14},"end":{"line":89,"column":7}}]},"5":{"type":"branch","line":67,"loc":{"start":{"line":67,"column":32},"end":{"line":86,"column":10}},"locations":[{"start":{"line":67,"column":32},"end":{"line":86,"column":10}}]},"6":{"type":"branch","line":82,"loc":{"start":{"line":82,"column":14},"end":{"line":85,"column":13}},"locations":[{"start":{"line":82,"column":14},"end":{"line":85,"column":13}}]},"7":{"type":"branch","line":77,"loc":{"start":{"line":77,"column":58},"end":{"line":80,"column":19}},"locations":[{"start":{"line":77,"column":58},"end":{"line":80,"column":19}}]},"8":{"type":"branch","line":78,"loc":{"start":{"line":78,"column":58},"end":{"line":78,"column":88}},"locations":[{"start":{"line":78,"column":58},"end":{"line":78,"column":88}}]},"9":{"type":"branch","line":78,"loc":{"start":{"line":78,"column":102},"end":{"line":78,"column":123}},"locations":[{"start":{"line":78,"column":102},"end":{"line":78,"column":123}}]},"10":{"type":"branch","line":94,"loc":{"start":{"line":94,"column":14},"end":{"line":110,"column":7}},"locations":[{"start":{"line":94,"column":14},"end":{"line":110,"column":7}}]},"11":{"type":"branch","line":95,"loc":{"start":{"line":95,"column":37},"end":{"line":107,"column":10}},"locations":[{"start":{"line":95,"column":37},"end":{"line":107,"column":10}}]},"12":{"type":"branch","line":97,"loc":{"start":{"line":97,"column":56},"end":{"line":104,"column":15}},"locations":[{"start":{"line":97,"column":56},"end":{"line":104,"column":15}}]},"13":{"type":"branch","line":98,"loc":{"start":{"line":98,"column":43},"end":{"line":100,"column":23}},"locations":[{"start":{"line":98,"column":43},"end":{"line":100,"column":23}}]},"14":{"type":"branch","line":101,"loc":{"start":{"line":101,"column":58},"end":{"line":101,"column":93}},"locations":[{"start":{"line":101,"column":58},"end":{"line":101,"column":93}}]},"15":{"type":"branch","line":101,"loc":{"start":{"line":101,"column":107},"end":{"line":101,"column":128}},"locations":[{"start":{"line":101,"column":107},"end":{"line":101,"column":128}}]},"16":{"type":"branch","line":158,"loc":{"start":{"line":158,"column":36},"end":{"line":158,"column":123}},"locations":[{"start":{"line":158,"column":36},"end":{"line":158,"column":123}}]},"17":{"type":"branch","line":159,"loc":{"start":{"line":159,"column":33},"end":{"line":160,"column":51}},"locations":[{"start":{"line":159,"column":33},"end":{"line":160,"column":51}}]},"18":{"type":"branch","line":168,"loc":{"start":{"line":168,"column":36},"end":{"line":168,"column":124}},"locations":[{"start":{"line":168,"column":36},"end":{"line":168,"column":124}}]},"19":{"type":"branch","line":169,"loc":{"start":{"line":169,"column":33},"end":{"line":176,"column":47}},"locations":[{"start":{"line":169,"column":33},"end":{"line":176,"column":47}}]},"20":{"type":"branch","line":173,"loc":{"start":{"line":173,"column":64},"end":{"line":173,"column":82}},"locations":[{"start":{"line":173,"column":64},"end":{"line":173,"column":82}}]},"21":{"type":"branch","line":174,"loc":{"start":{"line":174,"column":65},"end":{"line":174,"column":96}},"locations":[{"start":{"line":174,"column":65},"end":{"line":174,"column":96}}]},"22":{"type":"branch","line":186,"loc":{"start":{"line":186,"column":36},"end":{"line":186,"column":71}},"locations":[{"start":{"line":186,"column":36},"end":{"line":186,"column":71}}]}},"b":{"0":[11],"1":[7],"2":[3],"3":[0],"4":[1],"5":[1],"6":[0],"7":[1],"8":[0],"9":[0],"10":[2],"11":[2],"12":[1],"13":[0],"14":[0],"15":[0],"16":[1],"17":[1],"18":[1],"19":[1],"20":[0],"21":[0],"22":[1]},"fnMap":{"0":{"name":"getCurrentDate","decl":{"start":{"line":14,"column":30},"end":{"line":18,"column":1}},"loc":{"start":{"line":14,"column":30},"end":{"line":18,"column":1}},"line":14},"1":{"name":"generateFormKey","decl":{"start":{"line":32,"column":31},"end":{"line":35,"column":1}},"loc":{"start":{"line":32,"column":31},"end":{"line":35,"column":1}},"line":32},"2":{"name":"Form","decl":{"start":{"line":40,"column":13},"end":{"line":218,"column":1}},"loc":{"start":{"line":40,"column":13},"end":{"line":218,"column":1}},"line":40},"3":{"name":"fetchFormFields","decl":{"start":{"line":49,"column":28},"end":{"line":63,"column":6}},"loc":{"start":{"line":49,"column":28},"end":{"line":63,"column":6}},"line":49},"4":{"name":"fetchFormFields","decl":{"start":{"line":67,"column":32},"end":{"line":86,"column":10}},"loc":{"start":{"line":67,"column":32},"end":{"line":86,"column":10}},"line":67},"5":{"name":"initializeFormStates","decl":{"start":{"line":95,"column":37},"end":{"line":107,"column":10}},"loc":{"start":{"line":95,"column":37},"end":{"line":107,"column":10}},"line":95},"6":{"name":"handleChange","decl":{"start":{"line":112,"column":25},"end":{"line":129,"column":6}},"loc":{"start":{"line":112,"column":25},"end":{"line":129,"column":6}},"line":112}},"f":{"0":11,"1":7,"2":3,"3":0,"4":1,"5":2,"6":0}}
,"C:\\Users\\izalu\\source\\repos\\Pharma-Assist\\app\\components\\inputEditStudentInfo.js": {"path":"C:\\Users\\izalu\\source\\repos\\Pharma-Assist\\app\\components\\inputEditStudentInfo.js","all":false,"statementMap":{"0":{"start":{"line":1,"column":0},"end":{"line":1,"column":0}},"1":{"start":{"line":2,"column":0},"end":{"line":2,"column":0}},"2":{"start":{"line":3,"column":0},"end":{"line":3,"column":75}},"3":{"start":{"line":4,"column":0},"end":{"line":4,"column":12}},"4":{"start":{"line":5,"column":0},"end":{"line":5,"column":55}},"5":{"start":{"line":6,"column":0},"end":{"line":6,"column":26}},"6":{"start":{"line":7,"column":0},"end":{"line":7,"column":22}},"7":{"start":{"line":8,"column":0},"end":{"line":8,"column":95}},"8":{"start":{"line":9,"column":0},"end":{"line":9,"column":31}},"9":{"start":{"line":10,"column":0},"end":{"line":10,"column":31}},"10":{"start":{"line":11,"column":0},"end":{"line":11,"column":45}},"11":{"start":{"line":12,"column":0},"end":{"line":12,"column":39}},"12":{"start":{"line":13,"column":0},"end":{"line":13,"column":39}},"13":{"start":{"line":14,"column":0},"end":{"line":14,"column":18}},"14":{"start":{"line":15,"column":0},"end":{"line":15,"column":17}},"15":{"start":{"line":16,"column":0},"end":{"line":16,"column":60}},"16":{"start":{"line":17,"column":0},"end":{"line":17,"column":14}},"17":{"start":{"line":18,"column":0},"end":{"line":18,"column":14}},"18":{"start":{"line":19,"column":0},"end":{"line":19,"column":6}},"19":{"start":{"line":20,"column":0},"end":{"line":20,"column":2}},"20":{"start":{"line":21,"column":0},"end":{"line":21,"column":0}},"21":{"start":{"line":22,"column":0},"end":{"line":22,"column":29}}},"s":{"0":1,"1":1,"2":13,"3":13,"4":13,"5":13,"6":4,"7":4,"8":4,"9":4,"10":4,"11":4,"12":4,"13":4,"14":4,"15":13,"16":13,"17":13,"18":13,"19":13,"20":1,"21":1},"branchMap":{"0":{"type":"branch","line":3,"loc":{"start":{"line":3,"column":0},"end":{"line":20,"column":2}},"locations":[{"start":{"line":3,"column":0},"end":{"line":20,"column":2}}]},"1":{"type":"branch","line":6,"loc":{"start":{"line":6,"column":13},"end":{"line":16,"column":17}},"locations":[{"start":{"line":6,"column":13},"end":{"line":16,"column":17}}]},"2":{"type":"branch","line":12,"loc":{"start":{"line":12,"column":27},"end":{"line":12,"column":39}},"locations":[{"start":{"line":12,"column":27},"end":{"line":12,"column":39}}]}},"b":{"0":[13],"1":[4],"2":[1]},"fnMap":{"0":{"name":"EditableField","decl":{"start":{"line":3,"column":0},"end":{"line":20,"column":2}},"loc":{"start":{"line":3,"column":0},"end":{"line":20,"column":2}},"line":3}},"f":{"0":13}}
,"C:\\Users\\izalu\\source\\repos\\Pharma-Assist\\app\\contexts\\gradeform-context.js": {"path":"C:\\Users\\izalu\\source\\repos\\Pharma-Assist\\app\\contexts\\gradeform-context.js","all":false,"statementMap":{"0":{"start":{"line":1,"column":0},"end":{"line":1,"column":64}},"1":{"start":{"line":2,"column":0},"end":{"line":2,"column":35}},"2":{"start":{"line":3,"column":0},"end":{"line":3,"column":0}},"3":{"start":{"line":4,"column":0},"end":{"line":4,"column":78}},"4":{"start":{"line":5,"column":0},"end":{"line":5,"column":51}},"5":{"start":{"line":6,"column":0},"end":{"line":6,"column":0}},"6":{"start":{"line":7,"column":0},"end":{"line":7,"column":49}},"7":{"start":{"line":8,"column":0},"end":{"line":8,"column":0}},"8":{"start":{"line":9,"column":0},"end":{"line":9,"column":43}},"9":{"start":{"line":10,"column":0},"end":{"line":10,"column":50}},"10":{"start":{"line":11,"column":0},"end":{"line":11,"column":19}},"11":{"start":{"line":12,"column":0},"end":{"line":12,"column":89}},"12":{"start":{"line":13,"column":0},"end":{"line":13,"column":5}},"13":{"start":{"line":14,"column":0},"end":{"line":14,"column":19}},"14":{"start":{"line":15,"column":0},"end":{"line":15,"column":0}},"15":{"start":{"line":16,"column":0},"end":{"line":16,"column":1}},"16":{"start":{"line":17,"column":0},"end":{"line":17,"column":0}},"17":{"start":{"line":18,"column":0},"end":{"line":18,"column":58}},"18":{"start":{"line":19,"column":0},"end":{"line":19,"column":0}},"19":{"start":{"line":20,"column":0},"end":{"line":20,"column":37}},"20":{"start":{"line":21,"column":0},"end":{"line":21,"column":0}},"21":{"start":{"line":22,"column":0},"end":{"line":22,"column":52}},"22":{"start":{"line":23,"column":0},"end":{"line":23,"column":63}},"23":{"start":{"line":24,"column":0},"end":{"line":24,"column":24}},"24":{"start":{"line":25,"column":0},"end":{"line":25,"column":19}},"25":{"start":{"line":26,"column":0},"end":{"line":26,"column":11}},"26":{"start":{"line":27,"column":0},"end":{"line":27,"column":0}},"27":{"start":{"line":28,"column":0},"end":{"line":28,"column":41}},"28":{"start":{"line":29,"column":0},"end":{"line":29,"column":36}},"29":{"start":{"line":30,"column":0},"end":{"line":30,"column":41}},"30":{"start":{"line":31,"column":0},"end":{"line":31,"column":37}},"31":{"start":{"line":32,"column":0},"end":{"line":32,"column":28}},"32":{"start":{"line":33,"column":0},"end":{"line":33,"column":23}},"33":{"start":{"line":34,"column":0},"end":{"line":34,"column":15}},"34":{"start":{"line":35,"column":0},"end":{"line":35,"column":0}},"35":{"start":{"line":36,"column":0},"end":{"line":36,"column":0}},"36":{"start":{"line":37,"column":0},"end":{"line":37,"column":64}},"37":{"start":{"line":38,"column":0},"end":{"line":38,"column":0}},"38":{"start":{"line":39,"column":0},"end":{"line":39,"column":62}},"39":{"start":{"line":40,"column":0},"end":{"line":40,"column":0}},"40":{"start":{"line":41,"column":0},"end":{"line":41,"column":21}},"41":{"start":{"line":42,"column":0},"end":{"line":42,"column":57}},"42":{"start":{"line":43,"column":0},"end":{"line":43,"column":52}},"43":{"start":{"line":44,"column":0},"end":{"line":44,"column":31}},"44":{"start":{"line":45,"column":0},"end":{"line":45,"column":0}},"45":{"start":{"line":46,"column":0},"end":{"line":46,"column":12}},"46":{"start":{"line":47,"column":0},"end":{"line":47,"column":97}},"47":{"start":{"line":48,"column":0},"end":{"line":48,"column":22}},"48":{"start":{"line":49,"column":0},"end":{"line":49,"column":37}},"49":{"start":{"line":50,"column":0},"end":{"line":50,"column":0}},"50":{"start":{"line":51,"column":0},"end":{"line":51,"column":5}},"51":{"start":{"line":52,"column":0},"end":{"line":52,"column":1}}},"s":{"0":1,"1":1,"2":1,"3":1,"4":1,"5":1,"6":1,"7":1,"8":1,"9":3,"10":3,"11":0,"12":0,"13":3,"14":3,"15":3,"16":1,"17":1,"18":3,"19":3,"20":3,"21":3,"22":3,"23":48,"24":48,"25":3,"26":3,"27":3,"28":3,"29":3,"30":3,"31":33,"32":33,"33":3,"34":3,"35":3,"36":3,"37":3,"38":3,"39":3,"40":3,"41":3,"42":3,"43":3,"44":3,"45":3,"46":3,"47":3,"48":3,"49":3,"50":3,"51":3},"branchMap":{"0":{"type":"branch","line":9,"loc":{"start":{"line":9,"column":36},"end":{"line":16,"column":1}},"locations":[{"start":{"line":9,"column":36},"end":{"line":16,"column":1}}]},"1":{"type":"branch","line":11,"loc":{"start":{"line":11,"column":18},"end":{"line":13,"column":5}},"locations":[{"start":{"line":11,"column":18},"end":{"line":13,"column":5}}]},"2":{"type":"branch","line":18,"loc":{"start":{"line":18,"column":15},"end":{"line":52,"column":1}},"locations":[{"start":{"line":18,"column":15},"end":{"line":52,"column":1}}]},"3":{"type":"branch","line":23,"loc":{"start":{"line":23,"column":42},"end":{"line":26,"column":7}},"locations":[{"start":{"line":23,"column":42},"end":{"line":26,"column":7}}]},"4":{"type":"branch","line":30,"loc":{"start":{"line":30,"column":16},"end":{"line":30,"column":41}},"locations":[{"start":{"line":30,"column":16},"end":{"line":30,"column":41}}]},"5":{"type":"branch","line":31,"loc":{"start":{"line":31,"column":16},"end":{"line":34,"column":11}},"locations":[{"start":{"line":31,"column":16},"end":{"line":34,"column":11}}]},"6":{"type":"branch","line":41,"loc":{"start":{"line":41,"column":14},"end":{"line":44,"column":7}},"locations":[{"start":{"line":41,"column":14},"end":{"line":44,"column":7}}]}},"b":{"0":[3],"1":[0],"2":[3],"3":[48],"4":[48],"5":[33],"6":[3]},"fnMap":{"0":{"name":"useFormValuesContext","decl":{"start":{"line":9,"column":36},"end":{"line":16,"column":1}},"loc":{"start":{"line":9,"column":36},"end":{"line":16,"column":1}},"line":9},"1":{"name":"FormValuesProvider","decl":{"start":{"line":18,"column":15},"end":{"line":52,"column":1}},"loc":{"start":{"line":18,"column":15},"end":{"line":52,"column":1}},"line":18}},"f":{"0":3,"1":3}}
}
