TN:
SF:app\Students\page.js
FN:9,Page
FN:16,fetchData
FNF:2
FNH:2
FNDA:7,Page
FNDA:4,fetchData
DA:1,1
DA:2,1
DA:3,1
DA:4,1
DA:5,1
DA:6,1
DA:7,1
DA:8,1
DA:9,1
DA:10,7
DA:11,7
DA:12,7
DA:13,7
DA:14,7
DA:15,7
DA:16,7
DA:17,4
DA:18,4
DA:19,3
DA:20,3
DA:21,3
DA:22,4
DA:23,1
DA:24,1
DA:25,4
DA:26,7
DA:27,7
DA:28,7
DA:29,4
DA:30,7
DA:31,7
DA:32,7
DA:33,7
DA:34,7
DA:35,7
DA:36,7
DA:37,7
DA:38,7
LF:38
LH:38
BRDA:9,0,0,7
BRDA:16,1,0,4
BRDA:18,2,0,3
BRDA:22,3,0,1
BRDA:28,4,0,4
BRF:5
BRH:5
end_of_record
TN:
SF:app\Students\[id]\page.js
FN:7,getStudentData
FN:14,StudentPage
FN:22,fetchData
FNF:3
FNH:3
FNDA:5,getStudentData
FNDA:5,StudentPage
FNDA:3,fetchData
DA:1,1
DA:2,1
DA:3,1
DA:4,1
DA:5,1
DA:6,1
DA:7,1
DA:8,5
DA:9,4
DA:10,4
DA:11,1
DA:12,1
DA:13,1
DA:14,1
DA:15,5
DA:16,5
DA:17,5
DA:18,5
DA:19,5
DA:20,5
DA:21,5
DA:22,3
DA:23,3
DA:24,3
DA:25,2
DA:26,2
DA:27,2
DA:28,3
DA:29,1
DA:30,3
DA:31,3
DA:32,3
DA:33,3
DA:34,3
DA:35,3
DA:36,3
DA:37,3
DA:38,3
DA:39,3
DA:40,3
DA:41,3
DA:42,3
DA:43,5
DA:44,5
DA:45,5
DA:46,3
DA:47,3
DA:48,2
DA:49,5
DA:50,1
DA:51,1
DA:52,1
DA:53,1
DA:54,1
DA:55,1
DA:56,1
DA:57,1
DA:58,1
DA:59,1
DA:60,1
DA:61,1
DA:62,1
DA:63,1
DA:64,1
DA:65,1
DA:66,1
DA:67,1
LF:67
LH:67
BRDA:7,0,0,5
BRDA:8,1,0,4
BRDA:14,2,0,5
BRDA:45,3,0,3
BRDA:47,4,0,2
BRDA:49,5,0,1
BRDA:21,6,0,3
BRDA:22,7,0,3
BRDA:24,8,0,2
BRDA:28,9,0,1
BRDA:38,10,0,3
BRF:11
BRH:11
end_of_record
TN:
SF:app\Students\components\search-bar.js
FN:8,filterInitialData
FN:19,calculateScore
FN:39,SearchBar
FN:76,onChange
FNF:4
FNH:4
FNDA:14,filterInitialData
FNDA:5,calculateScore
FNDA:22,SearchBar
FNDA:3,onChange
DA:1,1
DA:2,1
DA:3,1
DA:4,1
DA:5,1
DA:6,1
DA:7,1
DA:8,1
DA:9,14
DA:10,14
DA:11,13
DA:12,12
DA:13,11
DA:14,14
DA:15,14
DA:16,1
DA:17,1
DA:18,1
DA:19,1
DA:20,5
DA:21,5
DA:22,5
DA:23,5
DA:24,2
DA:25,5
DA:26,3
DA:27,3
DA:28,5
DA:29,5
DA:30,5
DA:31,5
DA:32,5
DA:33,1
DA:34,1
DA:35,1
DA:36,1
DA:37,1
DA:38,1
DA:39,1
DA:40,22
DA:41,22
DA:42,22
DA:43,22
DA:44,22
DA:45,22
DA:46,11
DA:47,11
DA:48,11
DA:49,11
DA:50,2
DA:51,0
DA:52,0
DA:53,0
DA:54,2
DA:55,2
DA:56,2
DA:57,2
DA:58,2
DA:59,2
DA:60,2
DA:61,2
DA:62,9
DA:63,9
DA:64,9
DA:65,22
DA:66,22
DA:67,22
DA:68,22
DA:69,22
DA:70,22
DA:71,22
DA:72,22
DA:73,22
DA:74,22
DA:75,22
DA:76,22
DA:77,22
DA:78,22
DA:79,22
DA:80,22
DA:81,22
DA:82,22
DA:83,22
DA:84,22
DA:85,22
DA:86,22
DA:87,22
DA:88,22
DA:89,22
DA:90,22
DA:91,22
DA:92,22
DA:93,0
DA:94,0
DA:95,22
DA:96,22
DA:97,22
DA:98,22
DA:99,22
DA:100,22
DA:101,22
DA:102,22
DA:103,22
DA:104,22
DA:105,22
DA:106,22
DA:107,22
DA:108,22
DA:109,22
DA:110,22
DA:111,22
DA:112,22
DA:113,22
DA:114,22
DA:115,22
DA:116,22
DA:117,1
DA:118,1
LF:118
LH:113
BRDA:8,0,0,14
BRDA:10,1,0,13
BRDA:11,2,0,12
BRDA:12,3,0,11
BRDA:19,4,0,5
BRDA:20,5,0,2
BRDA:20,6,0,3
BRDA:23,7,0,2
BRDA:25,8,0,3
BRDA:29,9,0,1
BRDA:29,10,0,4
BRDA:30,11,0,1
BRDA:30,12,0,4
BRDA:39,13,0,22
BRDA:45,14,0,11
BRDA:49,15,0,2
BRDA:61,16,0,9
BRDA:76,17,0,3
BRF:18
BRH:18
end_of_record
