TN:
SF:app\Students\page.js
FN:8,Page
FN:14,fetchData
FNF:2
FNH:2
FNDA:5,Page
FNDA:4,fetchData
DA:1,1
DA:2,1
DA:3,1
DA:4,1
DA:5,1
DA:6,1
DA:7,1
DA:8,1
DA:9,5
DA:10,5
DA:11,5
DA:12,5
DA:13,5
DA:14,5
DA:15,4
DA:16,4
DA:17,3
DA:18,3
DA:19,4
DA:20,1
DA:21,1
DA:22,1
DA:23,4
DA:24,5
DA:25,5
DA:26,5
DA:27,4
DA:28,5
DA:29,5
DA:30,5
DA:31,5
DA:32,5
DA:33,5
DA:34,5
DA:35,5
DA:36,5
LF:36
LH:36
BRDA:8,0,0,5
BRDA:14,1,0,4
BRDA:16,2,0,3
BRDA:19,3,0,1
BRDA:26,4,0,4
BRF:5
BRH:5
end_of_record
TN:
SF:app\Students\[username]\page.js
FN:8,getStudentData
FN:15,StudentPage
FN:27,fetchData
FNF:3
FNH:3
FNDA:5,getStudentData
FNDA:5,StudentPage
FNDA:3,fetchData
DA:1,1
DA:2,1
DA:3,1
DA:4,1
DA:5,1
DA:6,1
DA:7,1
DA:8,1
DA:9,5
DA:10,4
DA:11,4
DA:12,1
DA:13,1
DA:14,1
DA:15,1
DA:16,5
DA:17,5
DA:18,5
DA:19,5
DA:20,5
DA:21,5
DA:22,5
DA:23,5
DA:24,5
DA:25,5
DA:26,5
DA:27,3
DA:28,3
DA:29,3
DA:30,2
DA:31,2
DA:32,2
DA:33,3
DA:34,1
DA:35,3
DA:36,3
DA:37,3
DA:38,3
DA:39,3
DA:40,3
DA:41,3
DA:42,3
DA:43,3
DA:44,3
DA:45,3
DA:46,3
DA:47,3
DA:48,5
DA:49,5
DA:50,5
DA:51,3
DA:52,3
DA:53,2
DA:54,5
DA:55,1
DA:56,1
DA:57,1
DA:58,1
DA:59,1
DA:60,1
DA:61,1
DA:62,1
DA:63,1
DA:64,1
DA:65,1
DA:66,1
DA:67,1
DA:68,1
DA:69,1
DA:70,1
DA:71,1
DA:72,1
LF:72
LH:72
BRDA:8,0,0,5
BRDA:9,1,0,4
BRDA:15,2,0,5
BRDA:50,3,0,3
BRDA:52,4,0,2
BRDA:54,5,0,1
BRDA:26,6,0,3
BRDA:27,7,0,3
BRDA:29,8,0,2
BRDA:33,9,0,1
BRDA:43,10,0,3
BRF:11
BRH:11
end_of_record
TN:
SF:app\Students\components\search-bar.js
FN:8,filterInitialData
FN:19,calculateScore
FN:58,removeHashtag
FN:67,SearchBar
FN:104,onChange
FN:126,onClick
FNF:6
FNH:5
FNDA:13,filterInitialData
FNDA:9,calculateScore
FNDA:3,removeHashtag
FNDA:22,SearchBar
FNDA:4,onChange
FNDA:0,onClick
DA:1,1
DA:2,1
DA:3,1
DA:4,1
DA:5,1
DA:6,1
DA:7,1
DA:8,1
DA:9,13
DA:10,13
DA:11,15
DA:12,11
DA:13,11
DA:14,13
DA:15,13
DA:16,1
DA:17,1
DA:18,1
DA:19,1
DA:20,9
DA:21,9
DA:22,9
DA:23,9
DA:24,9
DA:25,2
DA:26,2
DA:27,2
DA:28,2
DA:29,2
DA:30,2
DA:31,9
DA:32,9
DA:33,9
DA:34,9
DA:35,9
DA:36,1
DA:37,1
DA:38,1
DA:39,1
DA:40,1
DA:41,1
DA:42,9
DA:43,9
DA:44,9
DA:45,9
DA:46,1
DA:47,1
DA:48,1
DA:49,1
DA:50,1
DA:51,1
DA:52,9
DA:53,9
DA:54,9
DA:55,1
DA:56,1
DA:57,1
DA:58,1
DA:59,3
DA:60,3
DA:61,1
DA:62,1
DA:63,1
DA:64,1
DA:65,1
DA:66,1
DA:67,1
DA:68,22
DA:69,22
DA:70,22
DA:71,22
DA:72,22
DA:73,22
DA:74,11
DA:75,11
DA:76,11
DA:77,11
DA:78,3
DA:79,5
DA:80,5
DA:81,5
DA:82,3
DA:83,3
DA:84,3
DA:85,3
DA:86,3
DA:87,3
DA:88,3
DA:89,3
DA:90,8
DA:91,8
DA:92,8
DA:93,22
DA:94,22
DA:95,22
DA:96,22
DA:97,22
DA:98,22
DA:99,22
DA:100,22
DA:101,22
DA:102,22
DA:103,22
DA:104,22
DA:105,22
DA:106,22
DA:107,22
DA:108,22
DA:109,22
DA:110,22
DA:111,22
DA:112,22
DA:113,22
DA:114,22
DA:115,22
DA:116,22
DA:117,22
DA:118,22
DA:119,22
DA:120,22
DA:121,1
DA:122,1
DA:123,1
DA:124,1
DA:125,22
DA:126,22
DA:127,22
DA:128,22
DA:129,22
DA:130,22
DA:131,22
DA:132,22
DA:133,22
DA:134,22
DA:135,22
DA:136,22
DA:137,22
DA:138,22
DA:139,22
DA:140,22
DA:141,22
DA:142,22
DA:143,22
DA:144,22
DA:145,22
DA:146,22
DA:147,1
DA:148,1
LF:148
LH:148
BRDA:8,0,0,13
BRDA:10,1,0,15
BRDA:11,2,0,11
BRDA:12,3,0,11
BRDA:19,4,0,9
BRDA:24,5,0,2
BRDA:35,6,0,1
BRDA:45,7,0,1
BRDA:58,8,0,3
BRDA:67,9,0,22
BRDA:73,10,0,11
BRDA:77,11,0,3
BRDA:89,12,0,8
BRDA:78,13,0,5
BRDA:84,14,0,4
BRDA:85,15,0,5
BRDA:85,16,0,4
BRDA:85,17,0,4
BRDA:85,18,0,4
BRDA:104,19,0,4
BRDA:120,20,0,1
BRF:21
BRH:21
end_of_record
